TagLib: ID3v2.4 no longer supports the frame type TDAT.  It will be discarded from the tag.
TagLib: ID3v2.4 no longer supports the frame type TDAT.  It will be discarded from the tag.
TagLib: ID3v2.4 no longer supports the frame type TDAT.  It will be discarded from the tag.
TagLib: ID3v2.4 no longer supports the frame type TDAT.  It will be discarded from the tag.
TagLib: ID3v2.4 no longer supports the frame type TDAT.  It will be discarded from the tag.
TagLib: ID3v2.4 no longer supports the frame type TDAT.  It will be discarded from the tag.
TagLib: ID3v2.4 no longer supports the frame type TDAT.  It will be discarded from the tag.
TagLib: ID3v2.4 no longer supports the frame type TDAT.  It will be discarded from the tag.
TagLib: ID3v2.4 no longer supports the frame type TDAT.  It will be discarded from the tag.
TagLib: ID3v2.4 no longer supports the frame type TDAT.  It will be discarded from the tag.
TagLib: ID3v2.4 no longer supports the frame type TDAT.  It will be discarded from the tag.
TagLib: ID3v2.4 no longer supports the frame type TDAT.  It will be discarded from the tag.
writeCommonTags: couldn't write 'year' tag to 'AC_DC - Thunderstruck (Official Video).m4a' as it's not a positive integer
writeCommonTags: couldn't write 'track' tag to 'AC_DC - Thunderstruck (Official Video).m4a' as it's not a positive integer
writeCommonTags: couldn't write 'year' tag to 'ARCH ENEMY – Handshake With Hell (OFFICIAL VIDEO).m4a' as it's not a positive integer
writeCommonTags: couldn't write 'track' tag to 'ARCH ENEMY – Handshake With Hell (OFFICIAL VIDEO).m4a' as it's not a positive integer
TagLib: ID3v2.4 no longer supports the frame type TDAT.  It will be discarded from the tag.
writeCommonTags: couldn't write 'year' tag to 'Audioslave - Like a Stone (Official Video).m4a' as it's not a positive integer
writeCommonTags: couldn't write 'track' tag to 'Audioslave - Like a Stone (Official Video).m4a' as it's not a positive integer
TagLib: String::copyFromUTF16() - Invalid UTF16 string. BOM is broken.
TagLib: String::copyFromUTF16() - Invalid UTF16 string. BOM is broken.
TagLib: String::copyFromUTF16() - Invalid UTF16 string. BOM is broken.
writeCommonTags: couldn't write 'year' tag to 'Billie Eilish - Billie Bossa Nova (Acoustic).m4a' as it's not a positive integer
writeCommonTags: couldn't write 'track' tag to 'Billie Eilish - Billie Bossa Nova (Acoustic).m4a' as it's not a positive integer
TagLib: String::copyFromUTF16() - Invalid UTF16 string. BOM is broken.
TagLib: String::copyFromUTF16() - Invalid UTF16 string. BOM is broken.
TagLib: String::copyFromUTF16() - Invalid UTF16 string. BOM is broken.
writeCommonTags: couldn't write 'year' tag to 'Billie Eilish - Happier Than Ever (Live From The Tonight Show Starring Jimmy Fallon_2021).m4a' as it's not a positive integer
writeCommonTags: couldn't write 'track' tag to 'Billie Eilish - Happier Than Ever (Live From The Tonight Show Starring Jimmy Fallon_2021).m4a' as it's not a positive integer
writeCommonTags: couldn't write 'year' tag to 'Billie Eilish - Male Fantasy (Official Music Video).m4a' as it's not a positive integer
writeCommonTags: couldn't write 'track' tag to 'Billie Eilish - Male Fantasy (Official Music Video).m4a' as it's not a positive integer
TagLib: String::copyFromUTF16() - Invalid UTF16 string. BOM is broken.
TagLib: String::copyFromUTF16() - Invalid UTF16 string. BOM is broken.
TagLib: String::copyFromUTF16() - Invalid UTF16 string. BOM is broken.
TagLib: String::copyFromUTF16() - Invalid UTF16 string. BOM is broken.
TagLib: String::copyFromUTF16() - Invalid UTF16 string. BOM is broken.
TagLib: String::copyFromUTF16() - Invalid UTF16 string. BOM is broken.
TagLib: String::copyFromUTF16() - Invalid UTF16 string. BOM is broken.
TagLib: String::copyFromUTF16() - Invalid UTF16 string. BOM is broken.
TagLib: String::copyFromUTF16() - Invalid UTF16 string. BOM is broken.
TagLib: String::copyFromUTF16() - Invalid UTF16 string. BOM is broken.
TagLib: String::copyFromUTF16() - Invalid UTF16 string. BOM is broken.
TagLib: String::copyFromUTF16() - Invalid UTF16 string. BOM is broken.
TagLib: String::copyFromUTF16() - Invalid UTF16 string. BOM is broken.
TagLib: String::copyFromUTF16() - Invalid UTF16 string. BOM is broken.
TagLib: String::copyFromUTF16() - Invalid UTF16 string. BOM is broken.
writeCommonTags: couldn't write 'year' tag to 'billie_eilish_everything_i_wanted_aac_65979.m4a' as it's not a positive integer
writeCommonTags: couldn't write 'track' tag to 'billie_eilish_everything_i_wanted_aac_65979.m4a' as it's not a positive integer
writeCommonTags: couldn't write 'track' tag to 'billie_eilish_my_future_official_music_video_aac_79473.m4a' as it's not a positive integer
TagLib: ID3v2.4 no longer supports the frame type TDAT.  It will be discarded from the tag.
TagLib: ID3v2.4 no longer supports the frame type TDAT.  It will be discarded from the tag.
TagLib: ID3v2.4 no longer supports the frame type TDAT.  It will be discarded from the tag.
TagLib: ID3v2.4 no longer supports the frame type TDAT.  It will be discarded from the tag.
TagLib: ID3v2.4 no longer supports the frame type TDAT.  It will be discarded from the tag.
TagLib: ID3v2.4 no longer supports the frame type TDAT.  It will be discarded from the tag.
TagLib: ID3v2.4 no longer supports the frame type TDAT.  It will be discarded from the tag.
TagLib: ID3v2.4 no longer supports the frame type TDAT.  It will be discarded from the tag.
writeCommonTags: couldn't write 'year' tag to 'Bring Me The Horizon - Shadow Moses (Official Video).m4a' as it's not a positive integer
writeCommonTags: couldn't write 'track' tag to 'Bring Me The Horizon - Shadow Moses (Official Video).m4a' as it's not a positive integer
writeCommonTags: couldn't write 'year' tag to 'Bring Me The Horizon - Sleepwalking.m4a' as it's not a positive integer
writeCommonTags: couldn't write 'track' tag to 'Bring Me The Horizon - Sleepwalking.m4a' as it's not a positive integer
writeCommonTags: couldn't write 'year' tag to 'Falling In Reverse - _Chemical Prisoner_.m4a' as it's not a positive integer
writeCommonTags: couldn't write 'track' tag to 'Falling In Reverse - _Chemical Prisoner_.m4a' as it's not a positive integer
writeCommonTags: couldn't write 'year' tag to 'Falling In Reverse - _I'm Not A Vampire (Revamped)_.m4a' as it's not a positive integer
writeCommonTags: couldn't write 'track' tag to 'Falling In Reverse - _I'm Not A Vampire (Revamped)_.m4a' as it's not a positive integer
writeCommonTags: couldn't write 'year' tag to 'Falling In Reverse - _Losing My Life_.m4a' as it's not a positive integer
writeCommonTags: couldn't write 'track' tag to 'Falling In Reverse - _Losing My Life_.m4a' as it's not a positive integer
writeCommonTags: couldn't write 'year' tag to 'Falling In Reverse - _Losing My Mind_.m4a' as it's not a positive integer
writeCommonTags: couldn't write 'track' tag to 'Falling In Reverse - _Losing My Mind_.m4a' as it's not a positive integer
writeCommonTags: couldn't write 'year' tag to 'Falling In Reverse - _Popular Monster_.m4a' as it's not a positive integer
writeCommonTags: couldn't write 'track' tag to 'Falling In Reverse - _Popular Monster_.m4a' as it's not a positive integer
writeCommonTags: couldn't write 'year' tag to 'Falling In Reverse - _The Drug In Me Is Reimagined_.m4a' as it's not a positive integer
writeCommonTags: couldn't write 'track' tag to 'Falling In Reverse - _The Drug In Me Is Reimagined_.m4a' as it's not a positive integer
writeCommonTags: couldn't write 'year' tag to 'Falling In Reverse - _ZOMBIFIED_.m4a' as it's not a positive integer
writeCommonTags: couldn't write 'track' tag to 'Falling In Reverse - _ZOMBIFIED_.m4a' as it's not a positive integer
writeCommonTags: couldn't write 'year' tag to 'Five Finger Death Punch - Wrong Side Of Heaven.m4a' as it's not a positive integer
writeCommonTags: couldn't write 'track' tag to 'Five Finger Death Punch - Wrong Side Of Heaven.m4a' as it's not a positive integer
writeCommonTags: couldn't write 'year' tag to 'Jinjer - Cloud Factory (OFFICIAL MUSIC VIDEO).m4a' as it's not a positive integer
writeCommonTags: couldn't write 'track' tag to 'Jinjer - Cloud Factory (OFFICIAL MUSIC VIDEO).m4a' as it's not a positive integer
writeCommonTags: couldn't write 'year' tag to 'JINJER - Disclosure! (Official Video) _ Napalm Records.m4a' as it's not a positive integer
writeCommonTags: couldn't write 'track' tag to 'JINJER - Disclosure! (Official Video) _ Napalm Records.m4a' as it's not a positive integer
writeCommonTags: couldn't write 'year' tag to 'JINJER - Home Back (Official Video 4K) _ Napalm Records.m4a' as it's not a positive integer
writeCommonTags: couldn't write 'track' tag to 'JINJER - Home Back (Official Video 4K) _ Napalm Records.m4a' as it's not a positive integer
writeCommonTags: couldn't write 'year' tag to 'JINJER - I Speak Astronomy (Official Video) _ Napalm Records.m4a' as it's not a positive integer
writeCommonTags: couldn't write 'track' tag to 'JINJER - I Speak Astronomy (Official Video) _ Napalm Records.m4a' as it's not a positive integer
writeCommonTags: couldn't write 'year' tag to 'JINJER - Judgement (& Punishment) - Tatiana Shmayluk - One Take Vocal Performance.m4a' as it's not a positive integer
writeCommonTags: couldn't write 'track' tag to 'JINJER - Judgement (& Punishment) - Tatiana Shmayluk - One Take Vocal Performance.m4a' as it's not a positive integer
writeCommonTags: couldn't write 'year' tag to 'JINJER - Just Another (Official Video) _ Napalm Records.m4a' as it's not a positive integer
writeCommonTags: couldn't write 'track' tag to 'JINJER - Just Another (Official Video) _ Napalm Records.m4a' as it's not a positive integer
writeCommonTags: couldn't write 'year' tag to 'JINJER - On The Top (Official Video) _ Napalm Records.m4a' as it's not a positive integer
writeCommonTags: couldn't write 'track' tag to 'JINJER - On The Top (Official Video) _ Napalm Records.m4a' as it's not a positive integer
writeCommonTags: couldn't write 'year' tag to 'Jinjer - Outlander.m4a' as it's not a positive integer
writeCommonTags: couldn't write 'track' tag to 'Jinjer - Outlander.m4a' as it's not a positive integer
writeCommonTags: couldn't write 'year' tag to 'JINJER - Perennial (Live at Wacken Open Air 2019) _ Napalm Records.m4a' as it's not a positive integer
writeCommonTags: couldn't write 'track' tag to 'JINJER - Perennial (Live at Wacken Open Air 2019) _ Napalm Records.m4a' as it's not a positive integer
writeCommonTags: couldn't write 'year' tag to 'JINJER - Pisces (Live Session) _ Napalm Records.m4a' as it's not a positive integer
writeCommonTags: couldn't write 'track' tag to 'JINJER - Pisces (Live Session) _ Napalm Records.m4a' as it's not a positive integer
writeCommonTags: couldn't write 'year' tag to 'JINJER - Retrospection (Official Video) _ Napalm Records.m4a' as it's not a positive integer
writeCommonTags: couldn't write 'track' tag to 'JINJER - Retrospection (Official Video) _ Napalm Records.m4a' as it's not a positive integer
writeCommonTags: couldn't write 'year' tag to 'JINJER - Sit Stay Roll Over (Official Music Video).m4a' as it's not a positive integer
writeCommonTags: couldn't write 'track' tag to 'JINJER - Sit Stay Roll Over (Official Music Video).m4a' as it's not a positive integer
writeCommonTags: couldn't write 'year' tag to 'JINJER - Teacher, Teacher! (Official Video) _ Napalm Records.m4a' as it's not a positive integer
writeCommonTags: couldn't write 'track' tag to 'JINJER - Teacher, Teacher! (Official Video) _ Napalm Records.m4a' as it's not a positive integer
writeCommonTags: couldn't write 'year' tag to 'JINJER - Vortex (Official Video) _ Napalm Records.m4a' as it's not a positive integer
writeCommonTags: couldn't write 'track' tag to 'JINJER - Vortex (Official Video) _ Napalm Records.m4a' as it's not a positive integer
writeCommonTags: couldn't write 'year' tag to 'JINJER - Wallflower (Official Video) _ Napalm Records.m4a' as it's not a positive integer
writeCommonTags: couldn't write 'track' tag to 'JINJER - Wallflower (Official Video) _ Napalm Records.m4a' as it's not a positive integer
writeCommonTags: couldn't write 'year' tag to 'JINJER - Who Is Gonna Be The One (Live) _ Napalm Records.m4a' as it's not a positive integer
writeCommonTags: couldn't write 'track' tag to 'JINJER - Who Is Gonna Be The One (Live) _ Napalm Records.m4a' as it's not a positive integer
writeCommonTags: couldn't write 'year' tag to 'Lorna Shore - _Darkest Spawn_ (Official Music Video).m4a' as it's not a positive integer
writeCommonTags: couldn't write 'track' tag to 'Lorna Shore - _Darkest Spawn_ (Official Music Video).m4a' as it's not a positive integer
writeCommonTags: couldn't write 'year' tag to 'Lorna Shore - _This Is Hell_ (Official Music Video).m4a' as it's not a positive integer
writeCommonTags: couldn't write 'track' tag to 'Lorna Shore - _This Is Hell_ (Official Music Video).m4a' as it's not a positive integer
writeCommonTags: couldn't write 'year' tag to 'LORNA SHORE - And I Return To Nothingness (OFFICIAL VIDEO).m4a' as it's not a positive integer
writeCommonTags: couldn't write 'track' tag to 'LORNA SHORE - And I Return To Nothingness (OFFICIAL VIDEO).m4a' as it's not a positive integer
writeCommonTags: couldn't write 'year' tag to 'LORNA SHORE - Immortal (OFFICIAL VIDEO).m4a' as it's not a positive integer
writeCommonTags: couldn't write 'track' tag to 'LORNA SHORE - Immortal (OFFICIAL VIDEO).m4a' as it's not a positive integer
writeCommonTags: couldn't write 'year' tag to 'LORNA SHORE - To the Hellfire (OFFICIAL VIDEO).m4a' as it's not a positive integer
writeCommonTags: couldn't write 'track' tag to 'LORNA SHORE - To the Hellfire (OFFICIAL VIDEO).m4a' as it's not a positive integer
TagLib: String::copyFromUTF16() - Invalid UTF16 string. BOM is broken.
TagLib: String::copyFromUTF16() - Invalid UTF16 string. BOM is broken.
TagLib: String::copyFromUTF16() - Invalid UTF16 string. BOM is broken.
TagLib: String::copyFromUTF16() - Invalid UTF16 string. BOM is broken.
writeCommonTags: couldn't write 'year' tag to 'Nirvana - Smells Like Teen Spirit (Official Music Video).m4a' as it's not a positive integer
writeCommonTags: couldn't write 'track' tag to 'Nirvana - Smells Like Teen Spirit (Official Music Video).m4a' as it's not a positive integer
writeCommonTags: couldn't write 'year' tag to 'Red Hot Chili Peppers - Californication _Official Music Video_.m4a' as it's not a positive integer
writeCommonTags: couldn't write 'track' tag to 'Red Hot Chili Peppers - Californication _Official Music Video_.m4a' as it's not a positive integer
writeCommonTags: couldn't write 'year' tag to 'Slipknot - Duality _OFFICIAL VIDEO_.m4a' as it's not a positive integer
writeCommonTags: couldn't write 'track' tag to 'Slipknot - Duality _OFFICIAL VIDEO_.m4a' as it's not a positive integer
writeCommonTags: couldn't write 'year' tag to 'Slipknot - The Devil In I _OFFICIAL VIDEO_.m4a' as it's not a positive integer
writeCommonTags: couldn't write 'track' tag to 'Slipknot - The Devil In I _OFFICIAL VIDEO_.m4a' as it's not a positive integer
writeCommonTags: couldn't write 'year' tag to 'Spiritbox   Holy Roller (Official Music Video).m4a' as it's not a positive integer
writeCommonTags: couldn't write 'track' tag to 'Spiritbox   Holy Roller (Official Music Video).m4a' as it's not a positive integer
writeCommonTags: couldn't write 'year' tag to 'Spiritbox  - Blessed Be   (Official Music Video).m4a' as it's not a positive integer
writeCommonTags: couldn't write 'track' tag to 'Spiritbox  - Blessed Be   (Official Music Video).m4a' as it's not a positive integer
writeCommonTags: couldn't write 'year' tag to 'Spiritbox -   Perennial (Official Music Video).m4a' as it's not a positive integer
writeCommonTags: couldn't write 'track' tag to 'Spiritbox -   Perennial (Official Music Video).m4a' as it's not a positive integer
writeCommonTags: couldn't write 'year' tag to 'Spiritbox - _Circle With Me_ Guitar Playthrough (Quad Cortex).m4a' as it's not a positive integer
writeCommonTags: couldn't write 'track' tag to 'Spiritbox - _Circle With Me_ Guitar Playthrough (Quad Cortex).m4a' as it's not a positive integer
writeCommonTags: couldn't write 'year' tag to 'Spiritbox - _Secret Garden_ Guitar Playthrough (Quad Cortex).m4a' as it's not a positive integer
writeCommonTags: couldn't write 'track' tag to 'Spiritbox - _Secret Garden_ Guitar Playthrough (Quad Cortex).m4a' as it's not a positive integer
writeCommonTags: couldn't write 'year' tag to 'Spiritbox - Belcarra (Official Music Video).m4a' as it's not a positive integer
writeCommonTags: couldn't write 'track' tag to 'Spiritbox - Belcarra (Official Music Video).m4a' as it's not a positive integer
writeCommonTags: couldn't write 'year' tag to 'Spiritbox - Bleach Bath (Official Music Video).m4a' as it's not a positive integer
writeCommonTags: couldn't write 'track' tag to 'Spiritbox - Bleach Bath (Official Music Video).m4a' as it's not a positive integer
writeCommonTags: couldn't write 'year' tag to 'Spiritbox - Circle With Me (Official Music Video).m4a' as it's not a positive integer
writeCommonTags: couldn't write 'track' tag to 'Spiritbox - Circle With Me (Official Music Video).m4a' as it's not a positive integer
writeCommonTags: couldn't write 'year' tag to 'Spiritbox - Constance (Official Music Video).m4a' as it's not a positive integer
writeCommonTags: couldn't write 'track' tag to 'Spiritbox - Constance (Official Music Video).m4a' as it's not a positive integer
writeCommonTags: couldn't write 'year' tag to 'Spiritbox - Electric Cross (Official Music Video).m4a' as it's not a positive integer
writeCommonTags: couldn't write 'track' tag to 'Spiritbox - Electric Cross (Official Music Video).m4a' as it's not a positive integer
writeCommonTags: couldn't write 'year' tag to 'Spiritbox - Everything's Eventual  _OFFICIAL_.m4a' as it's not a positive integer
writeCommonTags: couldn't write 'track' tag to 'Spiritbox - Everything's Eventual  _OFFICIAL_.m4a' as it's not a positive integer
writeCommonTags: couldn't write 'year' tag to 'Spiritbox - Hurt You (Official Music Video).m4a' as it's not a positive integer
writeCommonTags: couldn't write 'track' tag to 'Spiritbox - Hurt You (Official Music Video).m4a' as it's not a positive integer
writeCommonTags: couldn't write 'year' tag to 'Spiritbox - Rule of Nines - Courtney LaPlante live one take performance.m4a' as it's not a positive integer
writeCommonTags: couldn't write 'track' tag to 'Spiritbox - Rule of Nines - Courtney LaPlante live one take performance.m4a' as it's not a positive integer
writeCommonTags: couldn't write 'year' tag to 'Spiritbox - Rule Of Nines (Official Music Video).m4a' as it's not a positive integer
writeCommonTags: couldn't write 'track' tag to 'Spiritbox - Rule Of Nines (Official Music Video).m4a' as it's not a positive integer
writeCommonTags: couldn't write 'year' tag to 'Spiritbox - Secret Garden (Official Music Video).m4a' as it's not a positive integer
writeCommonTags: couldn't write 'track' tag to 'Spiritbox - Secret Garden (Official Music Video).m4a' as it's not a positive integer
writeCommonTags: couldn't write 'year' tag to 'Spiritbox - SiriusXM Liquid Metal _Metal Detector_ Live Show (Pt.1).m4a' as it's not a positive integer
writeCommonTags: couldn't write 'track' tag to 'Spiritbox - SiriusXM Liquid Metal _Metal Detector_ Live Show (Pt.1).m4a' as it's not a positive integer
writeCommonTags: couldn't write 'year' tag to 'Spiritbox - SiriusXM Liquid Metal _Metal Detector_ Live Show (Pt.2).m4a' as it's not a positive integer
writeCommonTags: couldn't write 'track' tag to 'Spiritbox - SiriusXM Liquid Metal _Metal Detector_ Live Show (Pt.2).m4a' as it's not a positive integer
writeCommonTags: couldn't write 'year' tag to 'Spiritbox - Sun Killer.m4a' as it's not a positive integer
writeCommonTags: couldn't write 'track' tag to 'Spiritbox - Sun Killer.m4a' as it's not a positive integer
writeCommonTags: couldn't write 'year' tag to 'Spiritbox - The Mara Effect, Pt.1  _OFFICIAL VIDEO_.m4a' as it's not a positive integer
writeCommonTags: couldn't write 'track' tag to 'Spiritbox - The Mara Effect, Pt.1  _OFFICIAL VIDEO_.m4a' as it's not a positive integer
writeCommonTags: couldn't write 'year' tag to 'Spiritbox - The Mara Effect, Pt.3  _OFFICIAL_.m4a' as it's not a positive integer
writeCommonTags: couldn't write 'track' tag to 'Spiritbox - The Mara Effect, Pt.3  _OFFICIAL_.m4a' as it's not a positive integer
writeCommonTags: couldn't write 'year' tag to 'Spiritbox - Trust Fall (Visualizer).m4a' as it's not a positive integer
writeCommonTags: couldn't write 'track' tag to 'Spiritbox - Trust Fall (Visualizer).m4a' as it's not a positive integer
writeCommonTags: couldn't write 'year' tag to 'Spiritbox - Yellowjacket (feat. Sam Carter).m4a' as it's not a positive integer
writeCommonTags: couldn't write 'track' tag to 'Spiritbox - Yellowjacket (feat. Sam Carter).m4a' as it's not a positive integer
writeCommonTags: couldn't write 'year' tag to 'Spiritbox_ Silverside Sound - Behind the Scenes.m4a' as it's not a positive integer
writeCommonTags: couldn't write 'track' tag to 'Spiritbox_ Silverside Sound - Behind the Scenes.m4a' as it's not a positive integer
writeCommonTags: couldn't write 'year' tag to 'System Of A Down - Aerials (Official HD Video).m4a' as it's not a positive integer
writeCommonTags: couldn't write 'track' tag to 'System Of A Down - Aerials (Official HD Video).m4a' as it's not a positive integer
writeCommonTags: couldn't write 'year' tag to 'System Of A Down - B.Y.O.B. (Official HD Video).m4a' as it's not a positive integer
writeCommonTags: couldn't write 'track' tag to 'System Of A Down - B.Y.O.B. (Official HD Video).m4a' as it's not a positive integer
writeCommonTags: couldn't write 'year' tag to 'System Of A Down - Chop Suey! (Official HD Video).m4a' as it's not a positive integer
writeCommonTags: couldn't write 'track' tag to 'System Of A Down - Chop Suey! (Official HD Video).m4a' as it's not a positive integer
writeCommonTags: couldn't write 'year' tag to 'System Of A Down - Genocidal Humanoidz (Official Video).m4a' as it's not a positive integer
writeCommonTags: couldn't write 'track' tag to 'System Of A Down - Genocidal Humanoidz (Official Video).m4a' as it's not a positive integer
writeCommonTags: couldn't write 'year' tag to 'System Of A Down - Protect The Land (Official Video).m4a' as it's not a positive integer
writeCommonTags: couldn't write 'track' tag to 'System Of A Down - Protect The Land (Official Video).m4a' as it's not a positive integer
writeCommonTags: couldn't write 'year' tag to 'System Of A Down - Question! (Official HD Video).m4a' as it's not a positive integer
writeCommonTags: couldn't write 'track' tag to 'System Of A Down - Question! (Official HD Video).m4a' as it's not a positive integer
writeCommonTags: couldn't write 'year' tag to 'System Of A Down - Roulette (Official Audio).m4a' as it's not a positive integer
writeCommonTags: couldn't write 'track' tag to 'System Of A Down - Roulette (Official Audio).m4a' as it's not a positive integer
writeCommonTags: couldn't write 'year' tag to 'System Of A Down - Spiders (Official HD Video).m4a' as it's not a positive integer
writeCommonTags: couldn't write 'track' tag to 'System Of A Down - Spiders (Official HD Video).m4a' as it's not a positive integer
writeCommonTags: couldn't write 'year' tag to 'System Of A Down - Toxicity (Official HD Video).m4a' as it's not a positive integer
writeCommonTags: couldn't write 'track' tag to 'System Of A Down - Toxicity (Official HD Video).m4a' as it's not a positive integer
writeCommonTags: couldn't write 'year' tag to 'System Of A Down - Violent Pornography (Official Audio).m4a' as it's not a positive integer
writeCommonTags: couldn't write 'track' tag to 'System Of A Down - Violent Pornography (Official Audio).m4a' as it's not a positive integer
writeCommonTags: couldn't write 'year' tag to 'The Beauty Of Suffering - Spiritbox  (Courtney LaPlante Live Performance).m4a' as it's not a positive integer
writeCommonTags: couldn't write 'track' tag to 'The Beauty Of Suffering - Spiritbox  (Courtney LaPlante Live Performance).m4a' as it's not a positive integer
writeCommonTags: couldn't write 'track' tag to 'TOOL - 10,000 Days (Wings Pt 2) (Audio).m4a' as it's not a positive integer
writeCommonTags: couldn't write 'year' tag to 'TOOL - 7empest (Audio).m4a' as it's not a positive integer
writeCommonTags: couldn't write 'track' tag to 'TOOL - 7empest (Audio).m4a' as it's not a positive integer
writeCommonTags: couldn't write 'year' tag to 'TOOL - Chocolate Chip Trip (Audio).m4a' as it's not a positive integer
writeCommonTags: couldn't write 'track' tag to 'TOOL - Chocolate Chip Trip (Audio).m4a' as it's not a positive integer
writeCommonTags: couldn't write 'year' tag to 'TOOL - Culling Voices (Audio).m4a' as it's not a positive integer
writeCommonTags: couldn't write 'track' tag to 'TOOL - Culling Voices (Audio).m4a' as it's not a positive integer
writeCommonTags: couldn't write 'year' tag to 'TOOL - Descending (Audio).m4a' as it's not a positive integer
writeCommonTags: couldn't write 'track' tag to 'TOOL - Descending (Audio).m4a' as it's not a positive integer
writeCommonTags: couldn't write 'year' tag to 'TOOL - Fear Inoculum (Audio).m4a' as it's not a positive integer
writeCommonTags: couldn't write 'track' tag to 'TOOL - Fear Inoculum (Audio).m4a' as it's not a positive integer
writeCommonTags: couldn't write 'track' tag to 'TOOL - Intension (Audio).m4a' as it's not a positive integer
writeCommonTags: couldn't write 'year' tag to 'TOOL - Invincible (Audio).m4a' as it's not a positive integer
writeCommonTags: couldn't write 'track' tag to 'TOOL - Invincible (Audio).m4a' as it's not a positive integer
writeCommonTags: couldn't write 'track' tag to 'TOOL - Jambi (Audio).m4a' as it's not a positive integer
writeCommonTags: couldn't write 'year' tag to 'TOOL - Legion Inoculant (Audio).m4a' as it's not a positive integer
writeCommonTags: couldn't write 'track' tag to 'TOOL - Legion Inoculant (Audio).m4a' as it's not a positive integer
writeCommonTags: couldn't write 'track' tag to 'TOOL - Lipan Conjuring (Audio).m4a' as it's not a positive integer
writeCommonTags: couldn't write 'year' tag to 'TOOL - Litanie contre la Peur (Audio).m4a' as it's not a positive integer
writeCommonTags: couldn't write 'track' tag to 'TOOL - Litanie contre la Peur (Audio).m4a' as it's not a positive integer
writeCommonTags: couldn't write 'track' tag to 'TOOL - Lost Keys (Blame Hofman) (Audio).m4a' as it's not a positive integer
writeCommonTags: couldn't write 'year' tag to 'TOOL - Mockingbeat (Audio).m4a' as it's not a positive integer
writeCommonTags: couldn't write 'track' tag to 'TOOL - Mockingbeat (Audio).m4a' as it's not a positive integer
writeCommonTags: couldn't write 'year' tag to 'TOOL - Pneuma (Audio).m4a' as it's not a positive integer
writeCommonTags: couldn't write 'track' tag to 'TOOL - Pneuma (Audio).m4a' as it's not a positive integer
writeCommonTags: couldn't write 'track' tag to 'TOOL - Right In Two (Audio).m4a' as it's not a positive integer
writeCommonTags: couldn't write 'track' tag to 'TOOL - Rosetta Stoned (Audio).m4a' as it's not a positive integer
writeCommonTags: couldn't write 'track' tag to 'TOOL - The Pot (Audio).m4a' as it's not a positive integer
writeCommonTags: couldn't write 'track' tag to 'TOOL - Vicarious (Audio).m4a' as it's not a positive integer
writeCommonTags: couldn't write 'track' tag to 'TOOL - Viginti Tres (Audio).m4a' as it's not a positive integer
writeCommonTags: couldn't write 'track' tag to 'TOOL - Wings For Marie (Pt 1) (Audio).m4a' as it's not a positive integer
TagLib: ID3v2.4 no longer supports the frame type TDAT.  It will be discarded from the tag.
TagLib: String::copyFromUTF16() - Invalid UTF16 string. BOM is broken.
TagLib: String::copyFromUTF16() - Invalid UTF16 string. BOM is broken.
TagLib: String::copyFromUTF16() - Invalid UTF16 string. BOM is broken.
TagLib: String::copyFromUTF16() - Invalid UTF16 string. BOM is broken.
TagLib: ID3v2.4 no longer supports the frame type TDAT.  It will be discarded from the tag.
writeCommonTags: couldn't write 'year' tag to 'AC_DC - Thunderstruck (Official Video).m4a' as it's not a positive integer
writeCommonTags: couldn't write 'track' tag to 'AC_DC - Thunderstruck (Official Video).m4a' as it's not a positive integer
writeCommonTags: couldn't write 'year' tag to 'ARCH ENEMY – Handshake With Hell (OFFICIAL VIDEO).m4a' as it's not a positive integer
writeCommonTags: couldn't write 'track' tag to 'ARCH ENEMY – Handshake With Hell (OFFICIAL VIDEO).m4a' as it's not a positive integer
TagLib: ID3v2.4 no longer supports the frame type TDAT.  It will be discarded from the tag.
writeCommonTags: couldn't write 'year' tag to 'Audioslave - Like a Stone (Official Video).m4a' as it's not a positive integer
writeCommonTags: couldn't write 'track' tag to 'Audioslave - Like a Stone (Official Video).m4a' as it's not a positive integer
TagLib: ID3v2.4 no longer supports the frame type TDAT.  It will be discarded from the tag.
writeCommonTags: couldn't write 'year' tag to 'Billie Eilish - bad guy.m4a' as it's not a positive integer
writeCommonTags: couldn't write 'track' tag to 'Billie Eilish - bad guy.m4a' as it's not a positive integer
writeCommonTags: couldn't write 'year' tag to 'Billie Eilish - Bellyache.m4a' as it's not a positive integer
writeCommonTags: couldn't write 'track' tag to 'Billie Eilish - Bellyache.m4a' as it's not a positive integer
writeCommonTags: couldn't write 'year' tag to 'Billie Eilish - Billie Bossa Nova (Acoustic).m4a' as it's not a positive integer
writeCommonTags: couldn't write 'track' tag to 'Billie Eilish - Billie Bossa Nova (Acoustic).m4a' as it's not a positive integer
writeCommonTags: couldn't write 'year' tag to 'Billie Eilish - Billie Bossa Nova (Official Live Performance) _ Vevo.m4a' as it's not a positive integer
writeCommonTags: couldn't write 'track' tag to 'Billie Eilish - Billie Bossa Nova (Official Live Performance) _ Vevo.m4a' as it's not a positive integer
writeCommonTags: couldn't write 'year' tag to 'Billie Eilish - Bored.m4a' as it's not a positive integer
writeCommonTags: couldn't write 'track' tag to 'Billie Eilish - Bored.m4a' as it's not a positive integer
writeCommonTags: couldn't write 'year' tag to 'Billie Eilish - bury a friend.m4a' as it's not a positive integer
writeCommonTags: couldn't write 'track' tag to 'Billie Eilish - bury a friend.m4a' as it's not a positive integer
writeCommonTags: couldn't write 'year' tag to 'Billie Eilish - come out and play (Audio).m4a' as it's not a positive integer
writeCommonTags: couldn't write 'track' tag to 'Billie Eilish - come out and play (Audio).m4a' as it's not a positive integer
writeCommonTags: couldn't write 'year' tag to 'Billie Eilish - everything i wanted.m4a' as it's not a positive integer
writeCommonTags: couldn't write 'track' tag to 'Billie Eilish - everything i wanted.m4a' as it's not a positive integer
writeCommonTags: couldn't write 'year' tag to 'Billie Eilish - Getting Older (Official Lyric Video).m4a' as it's not a positive integer
writeCommonTags: couldn't write 'track' tag to 'Billie Eilish - Getting Older (Official Lyric Video).m4a' as it's not a positive integer
writeCommonTags: couldn't write 'year' tag to 'Billie Eilish - Happier Than Ever (Live From The Tonight Show Starring Jimmy Fallon_2021).m4a' as it's not a positive integer
writeCommonTags: couldn't write 'track' tag to 'Billie Eilish - Happier Than Ever (Live From The Tonight Show Starring Jimmy Fallon_2021).m4a' as it's not a positive integer
writeCommonTags: couldn't write 'year' tag to 'Billie Eilish - Happier Than Ever (Official Music Video).m4a' as it's not a positive integer
writeCommonTags: couldn't write 'track' tag to 'Billie Eilish - Happier Than Ever (Official Music Video).m4a' as it's not a positive integer
writeCommonTags: couldn't write 'year' tag to 'Billie Eilish - hostage.m4a' as it's not a positive integer
writeCommonTags: couldn't write 'track' tag to 'Billie Eilish - hostage.m4a' as it's not a positive integer
writeCommonTags: couldn't write 'year' tag to 'Billie Eilish - idontwannabeyouanymore (Vertical Video).m4a' as it's not a positive integer
writeCommonTags: couldn't write 'track' tag to 'Billie Eilish - idontwannabeyouanymore (Vertical Video).m4a' as it's not a positive integer
writeCommonTags: couldn't write 'year' tag to 'Billie Eilish - Lost Cause (Official Music Video).m4a' as it's not a positive integer
writeCommonTags: couldn't write 'track' tag to 'Billie Eilish - Lost Cause (Official Music Video).m4a' as it's not a positive integer
writeCommonTags: couldn't write 'year' tag to 'Billie Eilish - Male Fantasy (Official Music Video).m4a' as it's not a positive integer
writeCommonTags: couldn't write 'track' tag to 'Billie Eilish - Male Fantasy (Official Music Video).m4a' as it's not a positive integer
writeCommonTags: couldn't write 'year' tag to 'Billie Eilish - my future.m4a' as it's not a positive integer
writeCommonTags: couldn't write 'track' tag to 'Billie Eilish - my future.m4a' as it's not a positive integer
writeCommonTags: couldn't write 'year' tag to 'Billie Eilish - NDA (Official Music Video).m4a' as it's not a positive integer
writeCommonTags: couldn't write 'track' tag to 'Billie Eilish - NDA (Official Music Video).m4a' as it's not a positive integer
writeCommonTags: couldn't write 'year' tag to 'Billie Eilish - No Time To Die.m4a' as it's not a positive integer
writeCommonTags: couldn't write 'track' tag to 'Billie Eilish - No Time To Die.m4a' as it's not a positive integer
writeCommonTags: couldn't write 'year' tag to 'Billie Eilish - Ocean Eyes (Official Music Video).m4a' as it's not a positive integer
writeCommonTags: couldn't write 'track' tag to 'Billie Eilish - Ocean Eyes (Official Music Video).m4a' as it's not a positive integer
writeCommonTags: couldn't write 'year' tag to 'Billie Eilish - Therefore I Am (Official Music Video).m4a' as it's not a positive integer
writeCommonTags: couldn't write 'track' tag to 'Billie Eilish - Therefore I Am (Official Music Video).m4a' as it's not a positive integer
writeCommonTags: couldn't write 'year' tag to 'Billie Eilish - when the party's over.m4a' as it's not a positive integer
writeCommonTags: couldn't write 'track' tag to 'Billie Eilish - when the party's over.m4a' as it's not a positive integer
writeCommonTags: couldn't write 'year' tag to 'Billie Eilish - wish you were gay (Audio).m4a' as it's not a positive integer
writeCommonTags: couldn't write 'track' tag to 'Billie Eilish - wish you were gay (Audio).m4a' as it's not a positive integer
writeCommonTags: couldn't write 'year' tag to 'Billie Eilish - xanny.m4a' as it's not a positive integer
writeCommonTags: couldn't write 'track' tag to 'Billie Eilish - xanny.m4a' as it's not a positive integer
writeCommonTags: couldn't write 'year' tag to 'Billie Eilish - you should see me in a crown (Vertical Video).m4a' as it's not a positive integer
writeCommonTags: couldn't write 'track' tag to 'Billie Eilish - you should see me in a crown (Vertical Video).m4a' as it's not a positive integer
writeCommonTags: couldn't write 'year' tag to 'Billie Eilish - Your Power (Official Music Video).m4a' as it's not a positive integer
writeCommonTags: couldn't write 'track' tag to 'Billie Eilish - Your Power (Official Music Video).m4a' as it's not a positive integer
writeCommonTags: couldn't write 'year' tag to 'Billie Eilish, Khalid - lovely.m4a' as it's not a positive integer
writeCommonTags: couldn't write 'track' tag to 'Billie Eilish, Khalid - lovely.m4a' as it's not a positive integer
writeCommonTags: couldn't write 'year' tag to 'billie_eilish_my_future_official_music_video_aac_79473.m4a' as it's not a positive integer
writeCommonTags: couldn't write 'track' tag to 'billie_eilish_my_future_official_music_video_aac_79473.m4a' as it's not a positive integer
TagLib: ID3v2.4 no longer supports the frame type TDAT.  It will be discarded from the tag.
TagLib: ID3v2.4 no longer supports the frame type TDAT.  It will be discarded from the tag.
TagLib: ID3v2.4 no longer supports the frame type TDAT.  It will be discarded from the tag.
TagLib: ID3v2.4 no longer supports the frame type TDAT.  It will be discarded from the tag.
TagLib: ID3v2.4 no longer supports the frame type TDAT.  It will be discarded from the tag.
TagLib: ID3v2.4 no longer supports the frame type TDAT.  It will be discarded from the tag.
TagLib: ID3v2.4 no longer supports the frame type TDAT.  It will be discarded from the tag.
TagLib: ID3v2.4 no longer supports the frame type TDAT.  It will be discarded from the tag.
writeCommonTags: couldn't write 'year' tag to 'Bring Me The Horizon - Shadow Moses (Official Video).m4a' as it's not a positive integer
writeCommonTags: couldn't write 'track' tag to 'Bring Me The Horizon - Shadow Moses (Official Video).m4a' as it's not a positive integer
writeCommonTags: couldn't write 'year' tag to 'Bring Me The Horizon - Sleepwalking.m4a' as it's not a positive integer
writeCommonTags: couldn't write 'track' tag to 'Bring Me The Horizon - Sleepwalking.m4a' as it's not a positive integer
TagLib: ID3v2.4 no longer supports the frame type TDAT.  It will be discarded from the tag.
TagLib: ID3v2.4 no longer supports the frame type TDAT.  It will be discarded from the tag.
writeCommonTags: couldn't write 'year' tag to 'FAIRYTALE.mp4' as it's not a positive integer
writeCommonTags: couldn't write 'track' tag to 'FAIRYTALE.mp4' as it's not a positive integer
writeCommonTags: couldn't write 'year' tag to 'Falling In Reverse - _Chemical Prisoner_.m4a' as it's not a positive integer
writeCommonTags: couldn't write 'track' tag to 'Falling In Reverse - _Chemical Prisoner_.m4a' as it's not a positive integer
writeCommonTags: couldn't write 'year' tag to 'Falling In Reverse - _I'm Not A Vampire (Revamped)_.m4a' as it's not a positive integer
writeCommonTags: couldn't write 'track' tag to 'Falling In Reverse - _I'm Not A Vampire (Revamped)_.m4a' as it's not a positive integer
writeCommonTags: couldn't write 'year' tag to 'Falling In Reverse - _Losing My Life_.m4a' as it's not a positive integer
writeCommonTags: couldn't write 'track' tag to 'Falling In Reverse - _Losing My Life_.m4a' as it's not a positive integer
writeCommonTags: couldn't write 'year' tag to 'Falling In Reverse - _Losing My Mind_.m4a' as it's not a positive integer
writeCommonTags: couldn't write 'track' tag to 'Falling In Reverse - _Losing My Mind_.m4a' as it's not a positive integer
writeCommonTags: couldn't write 'year' tag to 'Falling In Reverse - _Popular Monster_.m4a' as it's not a positive integer
writeCommonTags: couldn't write 'track' tag to 'Falling In Reverse - _Popular Monster_.m4a' as it's not a positive integer
writeCommonTags: couldn't write 'year' tag to 'Falling In Reverse - _The Drug In Me Is Reimagined_.m4a' as it's not a positive integer
writeCommonTags: couldn't write 'track' tag to 'Falling In Reverse - _The Drug In Me Is Reimagined_.m4a' as it's not a positive integer
writeCommonTags: couldn't write 'year' tag to 'Falling In Reverse - _ZOMBIFIED_.m4a' as it's not a positive integer
writeCommonTags: couldn't write 'track' tag to 'Falling In Reverse - _ZOMBIFIED_.m4a' as it's not a positive integer
writeCommonTags: couldn't write 'year' tag to 'Five Finger Death Punch - Wrong Side Of Heaven.m4a' as it's not a positive integer
writeCommonTags: couldn't write 'track' tag to 'Five Finger Death Punch - Wrong Side Of Heaven.m4a' as it's not a positive integer
TagLib: ID3v2.4 no longer supports the frame type TDAT.  It will be discarded from the tag.
TagLib: ID3v2.4 no longer supports the frame type TDAT.  It will be discarded from the tag.
writeCommonTags: couldn't write 'year' tag to 'Jinjer - Cloud Factory (OFFICIAL MUSIC VIDEO).m4a' as it's not a positive integer
writeCommonTags: couldn't write 'track' tag to 'Jinjer - Cloud Factory (OFFICIAL MUSIC VIDEO).m4a' as it's not a positive integer
writeCommonTags: couldn't write 'year' tag to 'JINJER - Disclosure! (Official Video) _ Napalm Records.m4a' as it's not a positive integer
writeCommonTags: couldn't write 'track' tag to 'JINJER - Disclosure! (Official Video) _ Napalm Records.m4a' as it's not a positive integer
writeCommonTags: couldn't write 'year' tag to 'JINJER - Home Back (Official Video 4K) _ Napalm Records.m4a' as it's not a positive integer
writeCommonTags: couldn't write 'track' tag to 'JINJER - Home Back (Official Video 4K) _ Napalm Records.m4a' as it's not a positive integer
writeCommonTags: couldn't write 'year' tag to 'JINJER - I Speak Astronomy (Official Video) _ Napalm Records.m4a' as it's not a positive integer
writeCommonTags: couldn't write 'track' tag to 'JINJER - I Speak Astronomy (Official Video) _ Napalm Records.m4a' as it's not a positive integer
writeCommonTags: couldn't write 'year' tag to 'JINJER - Judgement (& Punishment) - Tatiana Shmayluk - One Take Vocal Performance.m4a' as it's not a positive integer
writeCommonTags: couldn't write 'track' tag to 'JINJER - Judgement (& Punishment) - Tatiana Shmayluk - One Take Vocal Performance.m4a' as it's not a positive integer
writeCommonTags: couldn't write 'year' tag to 'JINJER - Just Another (Official Video) _ Napalm Records.m4a' as it's not a positive integer
writeCommonTags: couldn't write 'track' tag to 'JINJER - Just Another (Official Video) _ Napalm Records.m4a' as it's not a positive integer
writeCommonTags: couldn't write 'year' tag to 'JINJER - On The Top (Official Video) _ Napalm Records.m4a' as it's not a positive integer
writeCommonTags: couldn't write 'track' tag to 'JINJER - On The Top (Official Video) _ Napalm Records.m4a' as it's not a positive integer
writeCommonTags: couldn't write 'year' tag to 'Jinjer - Outlander.m4a' as it's not a positive integer
writeCommonTags: couldn't write 'track' tag to 'Jinjer - Outlander.m4a' as it's not a positive integer
writeCommonTags: couldn't write 'year' tag to 'JINJER - Perennial (Live at Wacken Open Air 2019) _ Napalm Records.m4a' as it's not a positive integer
writeCommonTags: couldn't write 'track' tag to 'JINJER - Perennial (Live at Wacken Open Air 2019) _ Napalm Records.m4a' as it's not a positive integer
writeCommonTags: couldn't write 'year' tag to 'JINJER - Pisces (Live Session) _ Napalm Records.m4a' as it's not a positive integer
writeCommonTags: couldn't write 'track' tag to 'JINJER - Pisces (Live Session) _ Napalm Records.m4a' as it's not a positive integer
writeCommonTags: couldn't write 'year' tag to 'JINJER - Retrospection (Official Video) _ Napalm Records.m4a' as it's not a positive integer
writeCommonTags: couldn't write 'track' tag to 'JINJER - Retrospection (Official Video) _ Napalm Records.m4a' as it's not a positive integer
writeCommonTags: couldn't write 'year' tag to 'JINJER - Sit Stay Roll Over (Official Music Video).m4a' as it's not a positive integer
writeCommonTags: couldn't write 'track' tag to 'JINJER - Sit Stay Roll Over (Official Music Video).m4a' as it's not a positive integer
writeCommonTags: couldn't write 'year' tag to 'JINJER - Teacher, Teacher! (Official Video) _ Napalm Records.m4a' as it's not a positive integer
writeCommonTags: couldn't write 'track' tag to 'JINJER - Teacher, Teacher! (Official Video) _ Napalm Records.m4a' as it's not a positive integer
writeCommonTags: couldn't write 'year' tag to 'JINJER - Vortex (Official Video) _ Napalm Records.m4a' as it's not a positive integer
writeCommonTags: couldn't write 'track' tag to 'JINJER - Vortex (Official Video) _ Napalm Records.m4a' as it's not a positive integer
writeCommonTags: couldn't write 'year' tag to 'JINJER - Wallflower (Official Video) _ Napalm Records.m4a' as it's not a positive integer
writeCommonTags: couldn't write 'track' tag to 'JINJER - Wallflower (Official Video) _ Napalm Records.m4a' as it's not a positive integer
writeCommonTags: couldn't write 'year' tag to 'JINJER - Who Is Gonna Be The One (Live) _ Napalm Records.m4a' as it's not a positive integer
writeCommonTags: couldn't write 'track' tag to 'JINJER - Who Is Gonna Be The One (Live) _ Napalm Records.m4a' as it's not a positive integer
TagLib: ID3v2.4 no longer supports the frame type TDAT.  It will be discarded from the tag.
writeCommonTags: couldn't write 'year' tag to 'Lorna Shore - _Darkest Spawn_ (Official Music Video).m4a' as it's not a positive integer
writeCommonTags: couldn't write 'track' tag to 'Lorna Shore - _Darkest Spawn_ (Official Music Video).m4a' as it's not a positive integer
writeCommonTags: couldn't write 'year' tag to 'Lorna Shore - _This Is Hell_ (Official Music Video).m4a' as it's not a positive integer
writeCommonTags: couldn't write 'track' tag to 'Lorna Shore - _This Is Hell_ (Official Music Video).m4a' as it's not a positive integer
writeCommonTags: couldn't write 'year' tag to 'LORNA SHORE - And I Return To Nothingness (OFFICIAL VIDEO).m4a' as it's not a positive integer
writeCommonTags: couldn't write 'track' tag to 'LORNA SHORE - And I Return To Nothingness (OFFICIAL VIDEO).m4a' as it's not a positive integer
writeCommonTags: couldn't write 'year' tag to 'LORNA SHORE - Immortal (OFFICIAL VIDEO).m4a' as it's not a positive integer
writeCommonTags: couldn't write 'track' tag to 'LORNA SHORE - Immortal (OFFICIAL VIDEO).m4a' as it's not a positive integer
writeCommonTags: couldn't write 'year' tag to 'LORNA SHORE - To the Hellfire (OFFICIAL VIDEO).m4a' as it's not a positive integer
writeCommonTags: couldn't write 'track' tag to 'LORNA SHORE - To the Hellfire (OFFICIAL VIDEO).m4a' as it's not a positive integer
TagLib: ID3v2.4 no longer supports the frame type TDAT.  It will be discarded from the tag.
TagLib: ID3v2.4 no longer supports the frame type TDAT.  It will be discarded from the tag.
writeCommonTags: couldn't write 'year' tag to 'Nirvana - Smells Like Teen Spirit (Official Music Video).m4a' as it's not a positive integer
writeCommonTags: couldn't write 'track' tag to 'Nirvana - Smells Like Teen Spirit (Official Music Video).m4a' as it's not a positive integer
TagLib: ID3v2.4 no longer supports the frame type TDAT.  It will be discarded from the tag.
TagLib: ID3v2.4 no longer supports the frame type TDAT.  It will be discarded from the tag.
writeCommonTags: couldn't write 'year' tag to 'Red Hot Chili Peppers - Californication _Official Music Video_.m4a' as it's not a positive integer
writeCommonTags: couldn't write 'track' tag to 'Red Hot Chili Peppers - Californication _Official Music Video_.m4a' as it's not a positive integer
TagLib: ID3v2.4 no longer supports the frame type TDAT.  It will be discarded from the tag.
writeCommonTags: couldn't write 'year' tag to 'Slipknot - Duality _OFFICIAL VIDEO_.m4a' as it's not a positive integer
writeCommonTags: couldn't write 'track' tag to 'Slipknot - Duality _OFFICIAL VIDEO_.m4a' as it's not a positive integer
writeCommonTags: couldn't write 'year' tag to 'Slipknot - The Devil In I _OFFICIAL VIDEO_.m4a' as it's not a positive integer
writeCommonTags: couldn't write 'track' tag to 'Slipknot - The Devil In I _OFFICIAL VIDEO_.m4a' as it's not a positive integer
writeCommonTags: couldn't write 'year' tag to 'Spiritbox   Holy Roller (Official Music Video).m4a' as it's not a positive integer
writeCommonTags: couldn't write 'track' tag to 'Spiritbox   Holy Roller (Official Music Video).m4a' as it's not a positive integer
writeCommonTags: couldn't write 'year' tag to 'Spiritbox  - Blessed Be   (Official Music Video).m4a' as it's not a positive integer
writeCommonTags: couldn't write 'track' tag to 'Spiritbox  - Blessed Be   (Official Music Video).m4a' as it's not a positive integer
writeCommonTags: couldn't write 'year' tag to 'Spiritbox -   Perennial (Official Music Video).m4a' as it's not a positive integer
writeCommonTags: couldn't write 'track' tag to 'Spiritbox -   Perennial (Official Music Video).m4a' as it's not a positive integer
writeCommonTags: couldn't write 'year' tag to 'Spiritbox - _Circle With Me_ Guitar Playthrough (Quad Cortex).m4a' as it's not a positive integer
writeCommonTags: couldn't write 'track' tag to 'Spiritbox - _Circle With Me_ Guitar Playthrough (Quad Cortex).m4a' as it's not a positive integer
writeCommonTags: couldn't write 'year' tag to 'Spiritbox - _Secret Garden_ Guitar Playthrough (Quad Cortex).m4a' as it's not a positive integer
writeCommonTags: couldn't write 'track' tag to 'Spiritbox - _Secret Garden_ Guitar Playthrough (Quad Cortex).m4a' as it's not a positive integer
writeCommonTags: couldn't write 'year' tag to 'Spiritbox - Belcarra (Official Music Video).m4a' as it's not a positive integer
writeCommonTags: couldn't write 'track' tag to 'Spiritbox - Belcarra (Official Music Video).m4a' as it's not a positive integer
writeCommonTags: couldn't write 'year' tag to 'Spiritbox - Bleach Bath (Official Music Video).m4a' as it's not a positive integer
writeCommonTags: couldn't write 'track' tag to 'Spiritbox - Bleach Bath (Official Music Video).m4a' as it's not a positive integer
writeCommonTags: couldn't write 'year' tag to 'Spiritbox - Circle With Me (Official Music Video).m4a' as it's not a positive integer
writeCommonTags: couldn't write 'track' tag to 'Spiritbox - Circle With Me (Official Music Video).m4a' as it's not a positive integer
writeCommonTags: couldn't write 'year' tag to 'Spiritbox - Constance (Official Music Video).m4a' as it's not a positive integer
writeCommonTags: couldn't write 'track' tag to 'Spiritbox - Constance (Official Music Video).m4a' as it's not a positive integer
writeCommonTags: couldn't write 'year' tag to 'Spiritbox - Electric Cross (Official Music Video).m4a' as it's not a positive integer
writeCommonTags: couldn't write 'track' tag to 'Spiritbox - Electric Cross (Official Music Video).m4a' as it's not a positive integer
writeCommonTags: couldn't write 'year' tag to 'Spiritbox - Everything's Eventual  _OFFICIAL_.m4a' as it's not a positive integer
writeCommonTags: couldn't write 'track' tag to 'Spiritbox - Everything's Eventual  _OFFICIAL_.m4a' as it's not a positive integer
writeCommonTags: couldn't write 'year' tag to 'Spiritbox - Hurt You (Official Music Video).m4a' as it's not a positive integer
writeCommonTags: couldn't write 'track' tag to 'Spiritbox - Hurt You (Official Music Video).m4a' as it's not a positive integer
writeCommonTags: couldn't write 'year' tag to 'Spiritbox - Rule of Nines - Courtney LaPlante live one take performance.m4a' as it's not a positive integer
writeCommonTags: couldn't write 'track' tag to 'Spiritbox - Rule of Nines - Courtney LaPlante live one take performance.m4a' as it's not a positive integer
writeCommonTags: couldn't write 'year' tag to 'Spiritbox - Rule Of Nines (Official Music Video).m4a' as it's not a positive integer
writeCommonTags: couldn't write 'track' tag to 'Spiritbox - Rule Of Nines (Official Music Video).m4a' as it's not a positive integer
writeCommonTags: couldn't write 'year' tag to 'Spiritbox - Secret Garden (Official Music Video).m4a' as it's not a positive integer
writeCommonTags: couldn't write 'track' tag to 'Spiritbox - Secret Garden (Official Music Video).m4a' as it's not a positive integer
writeCommonTags: couldn't write 'year' tag to 'Spiritbox - SiriusXM Liquid Metal _Metal Detector_ Live Show (Pt.1).m4a' as it's not a positive integer
writeCommonTags: couldn't write 'track' tag to 'Spiritbox - SiriusXM Liquid Metal _Metal Detector_ Live Show (Pt.1).m4a' as it's not a positive integer
writeCommonTags: couldn't write 'year' tag to 'Spiritbox - SiriusXM Liquid Metal _Metal Detector_ Live Show (Pt.2).m4a' as it's not a positive integer
writeCommonTags: couldn't write 'track' tag to 'Spiritbox - SiriusXM Liquid Metal _Metal Detector_ Live Show (Pt.2).m4a' as it's not a positive integer
writeCommonTags: couldn't write 'year' tag to 'Spiritbox - Sun Killer.m4a' as it's not a positive integer
writeCommonTags: couldn't write 'track' tag to 'Spiritbox - Sun Killer.m4a' as it's not a positive integer
writeCommonTags: couldn't write 'year' tag to 'Spiritbox - The Mara Effect, Pt.1  _OFFICIAL VIDEO_.m4a' as it's not a positive integer
writeCommonTags: couldn't write 'track' tag to 'Spiritbox - The Mara Effect, Pt.1  _OFFICIAL VIDEO_.m4a' as it's not a positive integer
writeCommonTags: couldn't write 'year' tag to 'Spiritbox - The Mara Effect, Pt.3  _OFFICIAL_.m4a' as it's not a positive integer
writeCommonTags: couldn't write 'track' tag to 'Spiritbox - The Mara Effect, Pt.3  _OFFICIAL_.m4a' as it's not a positive integer
writeCommonTags: couldn't write 'year' tag to 'Spiritbox - Trust Fall (Visualizer).m4a' as it's not a positive integer
writeCommonTags: couldn't write 'track' tag to 'Spiritbox - Trust Fall (Visualizer).m4a' as it's not a positive integer
writeCommonTags: couldn't write 'year' tag to 'Spiritbox - Yellowjacket (feat. Sam Carter).m4a' as it's not a positive integer
writeCommonTags: couldn't write 'track' tag to 'Spiritbox - Yellowjacket (feat. Sam Carter).m4a' as it's not a positive integer
writeCommonTags: couldn't write 'year' tag to 'Spiritbox_ Silverside Sound - Behind the Scenes.m4a' as it's not a positive integer
writeCommonTags: couldn't write 'track' tag to 'Spiritbox_ Silverside Sound - Behind the Scenes.m4a' as it's not a positive integer
TagLib: ID3v2.4 no longer supports the frame type TDAT.  It will be discarded from the tag.
writeCommonTags: couldn't write 'year' tag to 'System Of A Down - Aerials (Official HD Video).m4a' as it's not a positive integer
writeCommonTags: couldn't write 'track' tag to 'System Of A Down - Aerials (Official HD Video).m4a' as it's not a positive integer
writeCommonTags: couldn't write 'year' tag to 'System Of A Down - B.Y.O.B. (Official HD Video).m4a' as it's not a positive integer
writeCommonTags: couldn't write 'track' tag to 'System Of A Down - B.Y.O.B. (Official HD Video).m4a' as it's not a positive integer
writeCommonTags: couldn't write 'year' tag to 'System Of A Down - Chop Suey! (Official HD Video).m4a' as it's not a positive integer
writeCommonTags: couldn't write 'track' tag to 'System Of A Down - Chop Suey! (Official HD Video).m4a' as it's not a positive integer
writeCommonTags: couldn't write 'year' tag to 'System Of A Down - Genocidal Humanoidz (Official Video).m4a' as it's not a positive integer
writeCommonTags: couldn't write 'track' tag to 'System Of A Down - Genocidal Humanoidz (Official Video).m4a' as it's not a positive integer
writeCommonTags: couldn't write 'year' tag to 'System Of A Down - Protect The Land (Official Video).m4a' as it's not a positive integer
writeCommonTags: couldn't write 'track' tag to 'System Of A Down - Protect The Land (Official Video).m4a' as it's not a positive integer
writeCommonTags: couldn't write 'year' tag to 'System Of A Down - Question! (Official HD Video).m4a' as it's not a positive integer
writeCommonTags: couldn't write 'track' tag to 'System Of A Down - Question! (Official HD Video).m4a' as it's not a positive integer
writeCommonTags: couldn't write 'year' tag to 'System Of A Down - Roulette (Official Audio).m4a' as it's not a positive integer
writeCommonTags: couldn't write 'track' tag to 'System Of A Down - Roulette (Official Audio).m4a' as it's not a positive integer
writeCommonTags: couldn't write 'year' tag to 'System Of A Down - Spiders (Official HD Video).m4a' as it's not a positive integer
writeCommonTags: couldn't write 'track' tag to 'System Of A Down - Spiders (Official HD Video).m4a' as it's not a positive integer
writeCommonTags: couldn't write 'year' tag to 'System Of A Down - Toxicity (Official HD Video).m4a' as it's not a positive integer
writeCommonTags: couldn't write 'track' tag to 'System Of A Down - Toxicity (Official HD Video).m4a' as it's not a positive integer
writeCommonTags: couldn't write 'year' tag to 'System Of A Down - Violent Pornography (Official Audio).m4a' as it's not a positive integer
writeCommonTags: couldn't write 'track' tag to 'System Of A Down - Violent Pornography (Official Audio).m4a' as it's not a positive integer
writeCommonTags: couldn't write 'year' tag to 'The Beauty Of Suffering - Spiritbox  (Courtney LaPlante Live Performance).m4a' as it's not a positive integer
writeCommonTags: couldn't write 'track' tag to 'The Beauty Of Suffering - Spiritbox  (Courtney LaPlante Live Performance).m4a' as it's not a positive integer
TagLib: ID3v2.4 no longer supports the frame type TDAT.  It will be discarded from the tag.
TagLib: ID3v2.4 no longer supports the frame type TDAT.  It will be discarded from the tag.
writeCommonTags: couldn't write 'year' tag to 'TOOL - 10,000 Days (Wings Pt 2) (Audio).m4a' as it's not a positive integer
writeCommonTags: couldn't write 'track' tag to 'TOOL - 10,000 Days (Wings Pt 2) (Audio).m4a' as it's not a positive integer
writeCommonTags: couldn't write 'year' tag to 'TOOL - 7empest (Audio).m4a' as it's not a positive integer
writeCommonTags: couldn't write 'track' tag to 'TOOL - 7empest (Audio).m4a' as it's not a positive integer
writeCommonTags: couldn't write 'year' tag to 'TOOL - Chocolate Chip Trip (Audio).m4a' as it's not a positive integer
writeCommonTags: couldn't write 'track' tag to 'TOOL - Chocolate Chip Trip (Audio).m4a' as it's not a positive integer
writeCommonTags: couldn't write 'year' tag to 'TOOL - Culling Voices (Audio).m4a' as it's not a positive integer
writeCommonTags: couldn't write 'track' tag to 'TOOL - Culling Voices (Audio).m4a' as it's not a positive integer
writeCommonTags: couldn't write 'year' tag to 'TOOL - Descending (Audio).m4a' as it's not a positive integer
writeCommonTags: couldn't write 'track' tag to 'TOOL - Descending (Audio).m4a' as it's not a positive integer
writeCommonTags: couldn't write 'year' tag to 'TOOL - Fear Inoculum (Audio).m4a' as it's not a positive integer
writeCommonTags: couldn't write 'track' tag to 'TOOL - Fear Inoculum (Audio).m4a' as it's not a positive integer
writeCommonTags: couldn't write 'year' tag to 'TOOL - Intension (Audio).m4a' as it's not a positive integer
writeCommonTags: couldn't write 'track' tag to 'TOOL - Intension (Audio).m4a' as it's not a positive integer
writeCommonTags: couldn't write 'year' tag to 'TOOL - Invincible (Audio).m4a' as it's not a positive integer
writeCommonTags: couldn't write 'track' tag to 'TOOL - Invincible (Audio).m4a' as it's not a positive integer
writeCommonTags: couldn't write 'year' tag to 'TOOL - Jambi (Audio).m4a' as it's not a positive integer
writeCommonTags: couldn't write 'track' tag to 'TOOL - Jambi (Audio).m4a' as it's not a positive integer
writeCommonTags: couldn't write 'year' tag to 'TOOL - Legion Inoculant (Audio).m4a' as it's not a positive integer
writeCommonTags: couldn't write 'track' tag to 'TOOL - Legion Inoculant (Audio).m4a' as it's not a positive integer
writeCommonTags: couldn't write 'year' tag to 'TOOL - Lipan Conjuring (Audio).m4a' as it's not a positive integer
writeCommonTags: couldn't write 'track' tag to 'TOOL - Lipan Conjuring (Audio).m4a' as it's not a positive integer
writeCommonTags: couldn't write 'year' tag to 'TOOL - Litanie contre la Peur (Audio).m4a' as it's not a positive integer
writeCommonTags: couldn't write 'track' tag to 'TOOL - Litanie contre la Peur (Audio).m4a' as it's not a positive integer
writeCommonTags: couldn't write 'year' tag to 'TOOL - Lost Keys (Blame Hofman) (Audio).m4a' as it's not a positive integer
writeCommonTags: couldn't write 'track' tag to 'TOOL - Lost Keys (Blame Hofman) (Audio).m4a' as it's not a positive integer
writeCommonTags: couldn't write 'year' tag to 'TOOL - Mockingbeat (Audio).m4a' as it's not a positive integer
writeCommonTags: couldn't write 'track' tag to 'TOOL - Mockingbeat (Audio).m4a' as it's not a positive integer
writeCommonTags: couldn't write 'year' tag to 'TOOL - Pneuma (Audio).m4a' as it's not a positive integer
writeCommonTags: couldn't write 'track' tag to 'TOOL - Pneuma (Audio).m4a' as it's not a positive integer
writeCommonTags: couldn't write 'year' tag to 'TOOL - Right In Two (Audio).m4a' as it's not a positive integer
writeCommonTags: couldn't write 'track' tag to 'TOOL - Right In Two (Audio).m4a' as it's not a positive integer
writeCommonTags: couldn't write 'year' tag to 'TOOL - Rosetta Stoned (Audio).m4a' as it's not a positive integer
writeCommonTags: couldn't write 'track' tag to 'TOOL - Rosetta Stoned (Audio).m4a' as it's not a positive integer
writeCommonTags: couldn't write 'year' tag to 'TOOL - The Pot (Audio).m4a' as it's not a positive integer
writeCommonTags: couldn't write 'track' tag to 'TOOL - The Pot (Audio).m4a' as it's not a positive integer
writeCommonTags: couldn't write 'year' tag to 'TOOL - Vicarious (Audio).m4a' as it's not a positive integer
writeCommonTags: couldn't write 'track' tag to 'TOOL - Vicarious (Audio).m4a' as it's not a positive integer
writeCommonTags: couldn't write 'year' tag to 'TOOL - Viginti Tres (Audio).m4a' as it's not a positive integer
writeCommonTags: couldn't write 'track' tag to 'TOOL - Viginti Tres (Audio).m4a' as it's not a positive integer
writeCommonTags: couldn't write 'year' tag to 'TOOL - Wings For Marie (Pt 1) (Audio).m4a' as it's not a positive integer
writeCommonTags: couldn't write 'track' tag to 'TOOL - Wings For Marie (Pt 1) (Audio).m4a' as it's not a positive integer
writeCommonTags: couldn't write 'year' tag to 'twenty one pilots - Ride (Official Video).m4a' as it's not a positive integer
writeCommonTags: couldn't write 'track' tag to 'twenty one pilots - Ride (Official Video).m4a' as it's not a positive integer
TagLib: ID3v2.4 no longer supports the frame type TDAT.  It will be discarded from the tag.
TagLib: ID3v2.4 no longer supports the frame type TDAT.  It will be discarded from the tag.
TagLib: ID3v2.4 no longer supports the frame type TDAT.  It will be discarded from the tag.
writeCommonTags: couldn't write 'year' tag to 'AC_DC - Thunderstruck (Official Video).m4a' as it's not a positive integer
writeCommonTags: couldn't write 'track' tag to 'AC_DC - Thunderstruck (Official Video).m4a' as it's not a positive integer
writeCommonTags: couldn't write 'year' tag to 'ARCH ENEMY – Handshake With Hell.m4a' as it's not a positive integer
writeCommonTags: couldn't write 'track' tag to 'ARCH ENEMY – Handshake With Hell.m4a' as it's not a positive integer
writeCommonTags: couldn't write 'year' tag to 'Audioslave - Like a Stone (Official Video).m4a' as it's not a positive integer
writeCommonTags: couldn't write 'track' tag to 'Audioslave - Like a Stone (Official Video).m4a' as it's not a positive integer
writeCommonTags: couldn't write 'year' tag to 'Billie Eilish - bad guy.m4a' as it's not a positive integer
writeCommonTags: couldn't write 'track' tag to 'Billie Eilish - bad guy.m4a' as it's not a positive integer
writeCommonTags: couldn't write 'year' tag to 'Billie Eilish - Bellyache.m4a' as it's not a positive integer
writeCommonTags: couldn't write 'track' tag to 'Billie Eilish - Bellyache.m4a' as it's not a positive integer
writeCommonTags: couldn't write 'year' tag to 'Billie Eilish - Billie Bossa Nova (Acoustic).m4a' as it's not a positive integer
writeCommonTags: couldn't write 'track' tag to 'Billie Eilish - Billie Bossa Nova (Acoustic).m4a' as it's not a positive integer
writeCommonTags: couldn't write 'year' tag to 'Billie Eilish - Billie Bossa Nova (Official Live Performance) _ Vevo.m4a' as it's not a positive integer
writeCommonTags: couldn't write 'track' tag to 'Billie Eilish - Billie Bossa Nova (Official Live Performance) _ Vevo.m4a' as it's not a positive integer
writeCommonTags: couldn't write 'year' tag to 'Billie Eilish - Bored.m4a' as it's not a positive integer
writeCommonTags: couldn't write 'track' tag to 'Billie Eilish - Bored.m4a' as it's not a positive integer
writeCommonTags: couldn't write 'year' tag to 'Billie Eilish - bury a friend.m4a' as it's not a positive integer
writeCommonTags: couldn't write 'track' tag to 'Billie Eilish - bury a friend.m4a' as it's not a positive integer
writeCommonTags: couldn't write 'year' tag to 'Billie Eilish - come out and play (Audio).m4a' as it's not a positive integer
writeCommonTags: couldn't write 'track' tag to 'Billie Eilish - come out and play (Audio).m4a' as it's not a positive integer
writeCommonTags: couldn't write 'year' tag to 'Billie Eilish - everything i wanted.m4a' as it's not a positive integer
writeCommonTags: couldn't write 'track' tag to 'Billie Eilish - everything i wanted.m4a' as it's not a positive integer
writeCommonTags: couldn't write 'year' tag to 'Billie Eilish - Getting Older (Official Lyric Video).m4a' as it's not a positive integer
writeCommonTags: couldn't write 'track' tag to 'Billie Eilish - Getting Older (Official Lyric Video).m4a' as it's not a positive integer
writeCommonTags: couldn't write 'year' tag to 'Billie Eilish - Happier Than Ever (Live From The Tonight Show Starring Jimmy Fallon_2021).m4a' as it's not a positive integer
writeCommonTags: couldn't write 'track' tag to 'Billie Eilish - Happier Than Ever (Live From The Tonight Show Starring Jimmy Fallon_2021).m4a' as it's not a positive integer
writeCommonTags: couldn't write 'year' tag to 'Billie Eilish - Happier Than Ever (Official Music Video).m4a' as it's not a positive integer
writeCommonTags: couldn't write 'track' tag to 'Billie Eilish - Happier Than Ever (Official Music Video).m4a' as it's not a positive integer
writeCommonTags: couldn't write 'year' tag to 'Billie Eilish - hostage.m4a' as it's not a positive integer
writeCommonTags: couldn't write 'track' tag to 'Billie Eilish - hostage.m4a' as it's not a positive integer
writeCommonTags: couldn't write 'year' tag to 'Billie Eilish - idontwannabeyouanymore (Vertical Video).m4a' as it's not a positive integer
writeCommonTags: couldn't write 'track' tag to 'Billie Eilish - idontwannabeyouanymore (Vertical Video).m4a' as it's not a positive integer
writeCommonTags: couldn't write 'year' tag to 'Billie Eilish - Lost Cause (Official Music Video).m4a' as it's not a positive integer
writeCommonTags: couldn't write 'track' tag to 'Billie Eilish - Lost Cause (Official Music Video).m4a' as it's not a positive integer
writeCommonTags: couldn't write 'year' tag to 'Billie Eilish - Male Fantasy (Official Music Video).m4a' as it's not a positive integer
writeCommonTags: couldn't write 'track' tag to 'Billie Eilish - Male Fantasy (Official Music Video).m4a' as it's not a positive integer
writeCommonTags: couldn't write 'year' tag to 'Billie Eilish - my future.m4a' as it's not a positive integer
writeCommonTags: couldn't write 'track' tag to 'Billie Eilish - my future.m4a' as it's not a positive integer
writeCommonTags: couldn't write 'year' tag to 'Billie Eilish - NDA (Official Music Video).m4a' as it's not a positive integer
writeCommonTags: couldn't write 'track' tag to 'Billie Eilish - NDA (Official Music Video).m4a' as it's not a positive integer
writeCommonTags: couldn't write 'year' tag to 'Billie Eilish - No Time To Die.m4a' as it's not a positive integer
writeCommonTags: couldn't write 'track' tag to 'Billie Eilish - No Time To Die.m4a' as it's not a positive integer
writeCommonTags: couldn't write 'year' tag to 'Billie Eilish - Ocean Eyes (Official Music Video).m4a' as it's not a positive integer
writeCommonTags: couldn't write 'track' tag to 'Billie Eilish - Ocean Eyes (Official Music Video).m4a' as it's not a positive integer
writeCommonTags: couldn't write 'year' tag to 'Billie Eilish - Therefore I Am (Official Music Video).m4a' as it's not a positive integer
writeCommonTags: couldn't write 'track' tag to 'Billie Eilish - Therefore I Am (Official Music Video).m4a' as it's not a positive integer
writeCommonTags: couldn't write 'year' tag to 'Billie Eilish - when the party's over.m4a' as it's not a positive integer
writeCommonTags: couldn't write 'track' tag to 'Billie Eilish - when the party's over.m4a' as it's not a positive integer
writeCommonTags: couldn't write 'year' tag to 'Billie Eilish - wish you were gay (Audio).m4a' as it's not a positive integer
writeCommonTags: couldn't write 'track' tag to 'Billie Eilish - wish you were gay (Audio).m4a' as it's not a positive integer
writeCommonTags: couldn't write 'year' tag to 'Billie Eilish - xanny.m4a' as it's not a positive integer
writeCommonTags: couldn't write 'track' tag to 'Billie Eilish - xanny.m4a' as it's not a positive integer
writeCommonTags: couldn't write 'year' tag to 'Billie Eilish - you should see me in a crown (Vertical Video).m4a' as it's not a positive integer
writeCommonTags: couldn't write 'track' tag to 'Billie Eilish - you should see me in a crown (Vertical Video).m4a' as it's not a positive integer
writeCommonTags: couldn't write 'year' tag to 'Billie Eilish - Your Power (Official Music Video).m4a' as it's not a positive integer
writeCommonTags: couldn't write 'track' tag to 'Billie Eilish - Your Power (Official Music Video).m4a' as it's not a positive integer
writeCommonTags: couldn't write 'year' tag to 'Billie Eilish, Khalid - lovely.m4a' as it's not a positive integer
writeCommonTags: couldn't write 'track' tag to 'Billie Eilish, Khalid - lovely.m4a' as it's not a positive integer
writeCommonTags: couldn't write 'year' tag to 'billie_eilish_my_future_official_music_video_aac_79473.m4a' as it's not a positive integer
writeCommonTags: couldn't write 'track' tag to 'billie_eilish_my_future_official_music_video_aac_79473.m4a' as it's not a positive integer
writeCommonTags: couldn't write 'year' tag to 'Bring Me The Horizon - Shadow Moses (Official Video).m4a' as it's not a positive integer
writeCommonTags: couldn't write 'track' tag to 'Bring Me The Horizon - Shadow Moses (Official Video).m4a' as it's not a positive integer
writeCommonTags: couldn't write 'year' tag to 'Bring Me The Horizon - Sleepwalking.m4a' as it's not a positive integer
writeCommonTags: couldn't write 'track' tag to 'Bring Me The Horizon - Sleepwalking.m4a' as it's not a positive integer
writeCommonTags: couldn't write 'year' tag to 'FAIRYTALE.mp4' as it's not a positive integer
writeCommonTags: couldn't write 'track' tag to 'FAIRYTALE.mp4' as it's not a positive integer
writeCommonTags: couldn't write 'year' tag to 'Falling In Reverse - _Chemical Prisoner_.m4a' as it's not a positive integer
writeCommonTags: couldn't write 'track' tag to 'Falling In Reverse - _Chemical Prisoner_.m4a' as it's not a positive integer
writeCommonTags: couldn't write 'year' tag to 'Falling In Reverse - _I'm Not A Vampire (Revamped)_.m4a' as it's not a positive integer
writeCommonTags: couldn't write 'track' tag to 'Falling In Reverse - _I'm Not A Vampire (Revamped)_.m4a' as it's not a positive integer
writeCommonTags: couldn't write 'year' tag to 'Falling In Reverse - _Losing My Life_.m4a' as it's not a positive integer
writeCommonTags: couldn't write 'track' tag to 'Falling In Reverse - _Losing My Life_.m4a' as it's not a positive integer
writeCommonTags: couldn't write 'year' tag to 'Falling In Reverse - _Losing My Mind_.m4a' as it's not a positive integer
writeCommonTags: couldn't write 'track' tag to 'Falling In Reverse - _Losing My Mind_.m4a' as it's not a positive integer
writeCommonTags: couldn't write 'year' tag to 'Falling In Reverse - _Popular Monster_.m4a' as it's not a positive integer
writeCommonTags: couldn't write 'track' tag to 'Falling In Reverse - _Popular Monster_.m4a' as it's not a positive integer
writeCommonTags: couldn't write 'year' tag to 'Falling In Reverse - _The Drug In Me Is Reimagined_.m4a' as it's not a positive integer
writeCommonTags: couldn't write 'track' tag to 'Falling In Reverse - _The Drug In Me Is Reimagined_.m4a' as it's not a positive integer
writeCommonTags: couldn't write 'year' tag to 'Falling In Reverse - _ZOMBIFIED_.m4a' as it's not a positive integer
writeCommonTags: couldn't write 'track' tag to 'Falling In Reverse - _ZOMBIFIED_.m4a' as it's not a positive integer
writeCommonTags: couldn't write 'year' tag to 'Five Finger Death Punch - Wrong Side Of Heaven.m4a' as it's not a positive integer
writeCommonTags: couldn't write 'track' tag to 'Five Finger Death Punch - Wrong Side Of Heaven.m4a' as it's not a positive integer
writeCommonTags: couldn't write 'year' tag to 'Jinjer - Cloud Factory (OFFICIAL MUSIC VIDEO).m4a' as it's not a positive integer
writeCommonTags: couldn't write 'track' tag to 'Jinjer - Cloud Factory (OFFICIAL MUSIC VIDEO).m4a' as it's not a positive integer
writeCommonTags: couldn't write 'year' tag to 'JINJER - Disclosure! (Official Video) _ Napalm Records.m4a' as it's not a positive integer
writeCommonTags: couldn't write 'track' tag to 'JINJER - Disclosure! (Official Video) _ Napalm Records.m4a' as it's not a positive integer
writeCommonTags: couldn't write 'year' tag to 'JINJER - Home Back (Official Video 4K) _ Napalm Records.m4a' as it's not a positive integer
writeCommonTags: couldn't write 'track' tag to 'JINJER - Home Back (Official Video 4K) _ Napalm Records.m4a' as it's not a positive integer
writeCommonTags: couldn't write 'year' tag to 'JINJER - I Speak Astronomy (Official Video) _ Napalm Records.m4a' as it's not a positive integer
writeCommonTags: couldn't write 'track' tag to 'JINJER - I Speak Astronomy (Official Video) _ Napalm Records.m4a' as it's not a positive integer
writeCommonTags: couldn't write 'year' tag to 'JINJER - Judgement (& Punishment) - Tatiana Shmayluk - One Take Vocal Performance.m4a' as it's not a positive integer
writeCommonTags: couldn't write 'track' tag to 'JINJER - Judgement (& Punishment) - Tatiana Shmayluk - One Take Vocal Performance.m4a' as it's not a positive integer
writeCommonTags: couldn't write 'year' tag to 'JINJER - Just Another (Official Video) _ Napalm Records.m4a' as it's not a positive integer
writeCommonTags: couldn't write 'track' tag to 'JINJER - Just Another (Official Video) _ Napalm Records.m4a' as it's not a positive integer
writeCommonTags: couldn't write 'year' tag to 'JINJER - On The Top (Official Video) _ Napalm Records.m4a' as it's not a positive integer
writeCommonTags: couldn't write 'track' tag to 'JINJER - On The Top (Official Video) _ Napalm Records.m4a' as it's not a positive integer
writeCommonTags: couldn't write 'year' tag to 'Jinjer - Outlander.m4a' as it's not a positive integer
writeCommonTags: couldn't write 'track' tag to 'Jinjer - Outlander.m4a' as it's not a positive integer
writeCommonTags: couldn't write 'year' tag to 'JINJER - Perennial (Live at Wacken Open Air 2019) _ Napalm Records.m4a' as it's not a positive integer
writeCommonTags: couldn't write 'track' tag to 'JINJER - Perennial (Live at Wacken Open Air 2019) _ Napalm Records.m4a' as it's not a positive integer
writeCommonTags: couldn't write 'year' tag to 'JINJER - Pisces (Live Session) _ Napalm Records.m4a' as it's not a positive integer
writeCommonTags: couldn't write 'track' tag to 'JINJER - Pisces (Live Session) _ Napalm Records.m4a' as it's not a positive integer
writeCommonTags: couldn't write 'year' tag to 'JINJER - Retrospection (Official Video) _ Napalm Records.m4a' as it's not a positive integer
writeCommonTags: couldn't write 'track' tag to 'JINJER - Retrospection (Official Video) _ Napalm Records.m4a' as it's not a positive integer
writeCommonTags: couldn't write 'year' tag to 'JINJER - Sit Stay Roll Over (Official Music Video).m4a' as it's not a positive integer
writeCommonTags: couldn't write 'track' tag to 'JINJER - Sit Stay Roll Over (Official Music Video).m4a' as it's not a positive integer
writeCommonTags: couldn't write 'year' tag to 'JINJER - Teacher, Teacher! (Official Video) _ Napalm Records.m4a' as it's not a positive integer
writeCommonTags: couldn't write 'track' tag to 'JINJER - Teacher, Teacher! (Official Video) _ Napalm Records.m4a' as it's not a positive integer
writeCommonTags: couldn't write 'year' tag to 'JINJER - Vortex (Official Video) _ Napalm Records.m4a' as it's not a positive integer
writeCommonTags: couldn't write 'track' tag to 'JINJER - Vortex (Official Video) _ Napalm Records.m4a' as it's not a positive integer
writeCommonTags: couldn't write 'year' tag to 'JINJER - Wallflower (Official Video) _ Napalm Records.m4a' as it's not a positive integer
writeCommonTags: couldn't write 'track' tag to 'JINJER - Wallflower (Official Video) _ Napalm Records.m4a' as it's not a positive integer
writeCommonTags: couldn't write 'year' tag to 'JINJER - Who Is Gonna Be The One (Live) _ Napalm Records.m4a' as it's not a positive integer
writeCommonTags: couldn't write 'track' tag to 'JINJER - Who Is Gonna Be The One (Live) _ Napalm Records.m4a' as it's not a positive integer
writeCommonTags: couldn't write 'year' tag to 'Lorna Shore - _Darkest Spawn_ (Official Music Video).m4a' as it's not a positive integer
writeCommonTags: couldn't write 'track' tag to 'Lorna Shore - _Darkest Spawn_ (Official Music Video).m4a' as it's not a positive integer
writeCommonTags: couldn't write 'year' tag to 'Lorna Shore - _This Is Hell_ (Official Music Video).m4a' as it's not a positive integer
writeCommonTags: couldn't write 'track' tag to 'Lorna Shore - _This Is Hell_ (Official Music Video).m4a' as it's not a positive integer
writeCommonTags: couldn't write 'year' tag to 'LORNA SHORE - And I Return To Nothingness (OFFICIAL VIDEO).m4a' as it's not a positive integer
writeCommonTags: couldn't write 'track' tag to 'LORNA SHORE - And I Return To Nothingness (OFFICIAL VIDEO).m4a' as it's not a positive integer
writeCommonTags: couldn't write 'year' tag to 'LORNA SHORE - Immortal (OFFICIAL VIDEO).m4a' as it's not a positive integer
writeCommonTags: couldn't write 'track' tag to 'LORNA SHORE - Immortal (OFFICIAL VIDEO).m4a' as it's not a positive integer
writeCommonTags: couldn't write 'year' tag to 'LORNA SHORE - To the Hellfire (OFFICIAL VIDEO).m4a' as it's not a positive integer
writeCommonTags: couldn't write 'track' tag to 'LORNA SHORE - To the Hellfire (OFFICIAL VIDEO).m4a' as it's not a positive integer
writeCommonTags: couldn't write 'year' tag to 'Nirvana - Smells Like Teen Spirit (Official Music Video).m4a' as it's not a positive integer
writeCommonTags: couldn't write 'track' tag to 'Nirvana - Smells Like Teen Spirit (Official Music Video).m4a' as it's not a positive integer
writeCommonTags: couldn't write 'year' tag to 'Red Hot Chili Peppers - Californication _Official Music Video_.m4a' as it's not a positive integer
writeCommonTags: couldn't write 'track' tag to 'Red Hot Chili Peppers - Californication _Official Music Video_.m4a' as it's not a positive integer
writeCommonTags: couldn't write 'year' tag to 'Slipknot - Duality _OFFICIAL VIDEO_.m4a' as it's not a positive integer
writeCommonTags: couldn't write 'track' tag to 'Slipknot - Duality _OFFICIAL VIDEO_.m4a' as it's not a positive integer
writeCommonTags: couldn't write 'year' tag to 'Slipknot - The Devil In I _OFFICIAL VIDEO_.m4a' as it's not a positive integer
writeCommonTags: couldn't write 'track' tag to 'Slipknot - The Devil In I _OFFICIAL VIDEO_.m4a' as it's not a positive integer
writeCommonTags: couldn't write 'year' tag to 'Spiritbox   Holy Roller (Official Music Video).m4a' as it's not a positive integer
writeCommonTags: couldn't write 'track' tag to 'Spiritbox   Holy Roller (Official Music Video).m4a' as it's not a positive integer
writeCommonTags: couldn't write 'year' tag to 'Spiritbox  - Blessed Be   (Official Music Video).m4a' as it's not a positive integer
writeCommonTags: couldn't write 'track' tag to 'Spiritbox  - Blessed Be   (Official Music Video).m4a' as it's not a positive integer
writeCommonTags: couldn't write 'year' tag to 'Spiritbox -   Perennial (Official Music Video).m4a' as it's not a positive integer
writeCommonTags: couldn't write 'track' tag to 'Spiritbox -   Perennial (Official Music Video).m4a' as it's not a positive integer
writeCommonTags: couldn't write 'year' tag to 'Spiritbox - _Circle With Me_ Guitar Playthrough (Quad Cortex).m4a' as it's not a positive integer
writeCommonTags: couldn't write 'track' tag to 'Spiritbox - _Circle With Me_ Guitar Playthrough (Quad Cortex).m4a' as it's not a positive integer
writeCommonTags: couldn't write 'year' tag to 'Spiritbox - _Secret Garden_ Guitar Playthrough (Quad Cortex).m4a' as it's not a positive integer
writeCommonTags: couldn't write 'track' tag to 'Spiritbox - _Secret Garden_ Guitar Playthrough (Quad Cortex).m4a' as it's not a positive integer
writeCommonTags: couldn't write 'year' tag to 'Spiritbox - Belcarra (Official Music Video).m4a' as it's not a positive integer
writeCommonTags: couldn't write 'track' tag to 'Spiritbox - Belcarra (Official Music Video).m4a' as it's not a positive integer
writeCommonTags: couldn't write 'year' tag to 'Spiritbox - Bleach Bath (Official Music Video).m4a' as it's not a positive integer
writeCommonTags: couldn't write 'track' tag to 'Spiritbox - Bleach Bath (Official Music Video).m4a' as it's not a positive integer
writeCommonTags: couldn't write 'year' tag to 'Spiritbox - Circle With Me (Official Music Video).m4a' as it's not a positive integer
writeCommonTags: couldn't write 'track' tag to 'Spiritbox - Circle With Me (Official Music Video).m4a' as it's not a positive integer
writeCommonTags: couldn't write 'year' tag to 'Spiritbox - Constance (Official Music Video).m4a' as it's not a positive integer
writeCommonTags: couldn't write 'track' tag to 'Spiritbox - Constance (Official Music Video).m4a' as it's not a positive integer
writeCommonTags: couldn't write 'year' tag to 'Spiritbox - Electric Cross (Official Music Video).m4a' as it's not a positive integer
writeCommonTags: couldn't write 'track' tag to 'Spiritbox - Electric Cross (Official Music Video).m4a' as it's not a positive integer
writeCommonTags: couldn't write 'year' tag to 'Spiritbox - Everything's Eventual  _OFFICIAL_.m4a' as it's not a positive integer
writeCommonTags: couldn't write 'track' tag to 'Spiritbox - Everything's Eventual  _OFFICIAL_.m4a' as it's not a positive integer
writeCommonTags: couldn't write 'year' tag to 'Spiritbox - Hurt You (Official Music Video).m4a' as it's not a positive integer
writeCommonTags: couldn't write 'track' tag to 'Spiritbox - Hurt You (Official Music Video).m4a' as it's not a positive integer
writeCommonTags: couldn't write 'year' tag to 'Spiritbox - Rule of Nines - Courtney LaPlante live one take performance.m4a' as it's not a positive integer
writeCommonTags: couldn't write 'track' tag to 'Spiritbox - Rule of Nines - Courtney LaPlante live one take performance.m4a' as it's not a positive integer
writeCommonTags: couldn't write 'year' tag to 'Spiritbox - Rule Of Nines (Official Music Video).m4a' as it's not a positive integer
writeCommonTags: couldn't write 'track' tag to 'Spiritbox - Rule Of Nines (Official Music Video).m4a' as it's not a positive integer
writeCommonTags: couldn't write 'year' tag to 'Spiritbox - Secret Garden (Official Music Video).m4a' as it's not a positive integer
writeCommonTags: couldn't write 'track' tag to 'Spiritbox - Secret Garden (Official Music Video).m4a' as it's not a positive integer
writeCommonTags: couldn't write 'year' tag to 'Spiritbox - SiriusXM Liquid Metal _Metal Detector_ Live Show (Pt.1).m4a' as it's not a positive integer
writeCommonTags: couldn't write 'track' tag to 'Spiritbox - SiriusXM Liquid Metal _Metal Detector_ Live Show (Pt.1).m4a' as it's not a positive integer
writeCommonTags: couldn't write 'year' tag to 'Spiritbox - SiriusXM Liquid Metal _Metal Detector_ Live Show (Pt.2).m4a' as it's not a positive integer
writeCommonTags: couldn't write 'track' tag to 'Spiritbox - SiriusXM Liquid Metal _Metal Detector_ Live Show (Pt.2).m4a' as it's not a positive integer
writeCommonTags: couldn't write 'year' tag to 'Spiritbox - Sun Killer.m4a' as it's not a positive integer
writeCommonTags: couldn't write 'track' tag to 'Spiritbox - Sun Killer.m4a' as it's not a positive integer
writeCommonTags: couldn't write 'year' tag to 'Spiritbox - The Mara Effect, Pt.1  _OFFICIAL VIDEO_.m4a' as it's not a positive integer
writeCommonTags: couldn't write 'track' tag to 'Spiritbox - The Mara Effect, Pt.1  _OFFICIAL VIDEO_.m4a' as it's not a positive integer
writeCommonTags: couldn't write 'year' tag to 'Spiritbox - The Mara Effect, Pt.3  _OFFICIAL_.m4a' as it's not a positive integer
writeCommonTags: couldn't write 'track' tag to 'Spiritbox - The Mara Effect, Pt.3  _OFFICIAL_.m4a' as it's not a positive integer
writeCommonTags: couldn't write 'year' tag to 'Spiritbox - Trust Fall (Visualizer).m4a' as it's not a positive integer
writeCommonTags: couldn't write 'track' tag to 'Spiritbox - Trust Fall (Visualizer).m4a' as it's not a positive integer
writeCommonTags: couldn't write 'year' tag to 'Spiritbox - Yellowjacket (feat. Sam Carter).m4a' as it's not a positive integer
writeCommonTags: couldn't write 'track' tag to 'Spiritbox - Yellowjacket (feat. Sam Carter).m4a' as it's not a positive integer
writeCommonTags: couldn't write 'year' tag to 'Spiritbox_ Silverside Sound - Behind the Scenes.m4a' as it's not a positive integer
writeCommonTags: couldn't write 'track' tag to 'Spiritbox_ Silverside Sound - Behind the Scenes.m4a' as it's not a positive integer
writeCommonTags: couldn't write 'year' tag to 'System Of A Down - Aerials (Official HD Video).m4a' as it's not a positive integer
writeCommonTags: couldn't write 'track' tag to 'System Of A Down - Aerials (Official HD Video).m4a' as it's not a positive integer
writeCommonTags: couldn't write 'year' tag to 'System Of A Down - B.Y.O.B. (Official HD Video).m4a' as it's not a positive integer
writeCommonTags: couldn't write 'track' tag to 'System Of A Down - B.Y.O.B. (Official HD Video).m4a' as it's not a positive integer
writeCommonTags: couldn't write 'year' tag to 'System Of A Down - Chop Suey! (Official HD Video).m4a' as it's not a positive integer
writeCommonTags: couldn't write 'track' tag to 'System Of A Down - Chop Suey! (Official HD Video).m4a' as it's not a positive integer
writeCommonTags: couldn't write 'year' tag to 'System Of A Down - Genocidal Humanoidz (Official Video).m4a' as it's not a positive integer
writeCommonTags: couldn't write 'track' tag to 'System Of A Down - Genocidal Humanoidz (Official Video).m4a' as it's not a positive integer
writeCommonTags: couldn't write 'year' tag to 'System Of A Down - Protect The Land (Official Video).m4a' as it's not a positive integer
writeCommonTags: couldn't write 'track' tag to 'System Of A Down - Protect The Land (Official Video).m4a' as it's not a positive integer
writeCommonTags: couldn't write 'year' tag to 'System Of A Down - Question! (Official HD Video).m4a' as it's not a positive integer
writeCommonTags: couldn't write 'track' tag to 'System Of A Down - Question! (Official HD Video).m4a' as it's not a positive integer
writeCommonTags: couldn't write 'year' tag to 'System Of A Down - Roulette (Official Audio).m4a' as it's not a positive integer
writeCommonTags: couldn't write 'track' tag to 'System Of A Down - Roulette (Official Audio).m4a' as it's not a positive integer
writeCommonTags: couldn't write 'year' tag to 'System Of A Down - Spiders (Official HD Video).m4a' as it's not a positive integer
writeCommonTags: couldn't write 'track' tag to 'System Of A Down - Spiders (Official HD Video).m4a' as it's not a positive integer
writeCommonTags: couldn't write 'year' tag to 'System Of A Down - Toxicity (Official HD Video).m4a' as it's not a positive integer
writeCommonTags: couldn't write 'track' tag to 'System Of A Down - Toxicity (Official HD Video).m4a' as it's not a positive integer
writeCommonTags: couldn't write 'year' tag to 'System Of A Down - Violent Pornography (Official Audio).m4a' as it's not a positive integer
writeCommonTags: couldn't write 'track' tag to 'System Of A Down - Violent Pornography (Official Audio).m4a' as it's not a positive integer
writeCommonTags: couldn't write 'year' tag to 'The Beauty Of Suffering - Spiritbox  (Courtney LaPlante Live Performance).m4a' as it's not a positive integer
writeCommonTags: couldn't write 'track' tag to 'The Beauty Of Suffering - Spiritbox  (Courtney LaPlante Live Performance).m4a' as it's not a positive integer
writeCommonTags: couldn't write 'year' tag to 'TOOL - 10,000 Days (Wings Pt 2) (Audio).m4a' as it's not a positive integer
writeCommonTags: couldn't write 'track' tag to 'TOOL - 10,000 Days (Wings Pt 2) (Audio).m4a' as it's not a positive integer
writeCommonTags: couldn't write 'year' tag to 'TOOL - 7empest (Audio).m4a' as it's not a positive integer
writeCommonTags: couldn't write 'track' tag to 'TOOL - 7empest (Audio).m4a' as it's not a positive integer
writeCommonTags: couldn't write 'year' tag to 'TOOL - Chocolate Chip Trip (Audio).m4a' as it's not a positive integer
writeCommonTags: couldn't write 'track' tag to 'TOOL - Chocolate Chip Trip (Audio).m4a' as it's not a positive integer
writeCommonTags: couldn't write 'year' tag to 'TOOL - Culling Voices (Audio).m4a' as it's not a positive integer
writeCommonTags: couldn't write 'track' tag to 'TOOL - Culling Voices (Audio).m4a' as it's not a positive integer
writeCommonTags: couldn't write 'year' tag to 'TOOL - Descending (Audio).m4a' as it's not a positive integer
writeCommonTags: couldn't write 'track' tag to 'TOOL - Descending (Audio).m4a' as it's not a positive integer
writeCommonTags: couldn't write 'year' tag to 'TOOL - Fear Inoculum (Audio).m4a' as it's not a positive integer
writeCommonTags: couldn't write 'track' tag to 'TOOL - Fear Inoculum (Audio).m4a' as it's not a positive integer
writeCommonTags: couldn't write 'year' tag to 'TOOL - Intension (Audio).m4a' as it's not a positive integer
writeCommonTags: couldn't write 'track' tag to 'TOOL - Intension (Audio).m4a' as it's not a positive integer
writeCommonTags: couldn't write 'year' tag to 'TOOL - Invincible (Audio).m4a' as it's not a positive integer
writeCommonTags: couldn't write 'track' tag to 'TOOL - Invincible (Audio).m4a' as it's not a positive integer
writeCommonTags: couldn't write 'year' tag to 'TOOL - Jambi (Audio).m4a' as it's not a positive integer
writeCommonTags: couldn't write 'track' tag to 'TOOL - Jambi (Audio).m4a' as it's not a positive integer
writeCommonTags: couldn't write 'year' tag to 'TOOL - Legion Inoculant (Audio).m4a' as it's not a positive integer
writeCommonTags: couldn't write 'track' tag to 'TOOL - Legion Inoculant (Audio).m4a' as it's not a positive integer
writeCommonTags: couldn't write 'year' tag to 'TOOL - Lipan Conjuring (Audio).m4a' as it's not a positive integer
writeCommonTags: couldn't write 'track' tag to 'TOOL - Lipan Conjuring (Audio).m4a' as it's not a positive integer
writeCommonTags: couldn't write 'year' tag to 'TOOL - Litanie contre la Peur (Audio).m4a' as it's not a positive integer
writeCommonTags: couldn't write 'track' tag to 'TOOL - Litanie contre la Peur (Audio).m4a' as it's not a positive integer
writeCommonTags: couldn't write 'year' tag to 'TOOL - Lost Keys (Blame Hofman) (Audio).m4a' as it's not a positive integer
writeCommonTags: couldn't write 'track' tag to 'TOOL - Lost Keys (Blame Hofman) (Audio).m4a' as it's not a positive integer
writeCommonTags: couldn't write 'year' tag to 'TOOL - Mockingbeat (Audio).m4a' as it's not a positive integer
writeCommonTags: couldn't write 'track' tag to 'TOOL - Mockingbeat (Audio).m4a' as it's not a positive integer
writeCommonTags: couldn't write 'year' tag to 'TOOL - Pneuma (Audio).m4a' as it's not a positive integer
writeCommonTags: couldn't write 'track' tag to 'TOOL - Pneuma (Audio).m4a' as it's not a positive integer
writeCommonTags: couldn't write 'year' tag to 'TOOL - Right In Two (Audio).m4a' as it's not a positive integer
writeCommonTags: couldn't write 'track' tag to 'TOOL - Right In Two (Audio).m4a' as it's not a positive integer
writeCommonTags: couldn't write 'year' tag to 'TOOL - Rosetta Stoned (Audio).m4a' as it's not a positive integer
writeCommonTags: couldn't write 'track' tag to 'TOOL - Rosetta Stoned (Audio).m4a' as it's not a positive integer
writeCommonTags: couldn't write 'year' tag to 'TOOL - The Pot (Audio).m4a' as it's not a positive integer
writeCommonTags: couldn't write 'track' tag to 'TOOL - The Pot (Audio).m4a' as it's not a positive integer
writeCommonTags: couldn't write 'year' tag to 'TOOL - Vicarious (Audio).m4a' as it's not a positive integer
writeCommonTags: couldn't write 'track' tag to 'TOOL - Vicarious (Audio).m4a' as it's not a positive integer
writeCommonTags: couldn't write 'year' tag to 'TOOL - Viginti Tres (Audio).m4a' as it's not a positive integer
writeCommonTags: couldn't write 'track' tag to 'TOOL - Viginti Tres (Audio).m4a' as it's not a positive integer
writeCommonTags: couldn't write 'year' tag to 'TOOL - Wings For Marie (Pt 1) (Audio).m4a' as it's not a positive integer
writeCommonTags: couldn't write 'track' tag to 'TOOL - Wings For Marie (Pt 1) (Audio).m4a' as it's not a positive integer
writeCommonTags: couldn't write 'year' tag to 'twenty one pilots - Ride (Official Video).m4a' as it's not a positive integer
writeCommonTags: couldn't write 'track' tag to 'twenty one pilots - Ride (Official Video).m4a' as it's not a positive integer
TagLib: ID3v2.4 no longer supports the frame type TDAT.  It will be discarded from the tag.
writeCommonTags: couldn't write 'year' tag to '01 Can You Feel My Heart.m4a' as it's not a positive integer
writeCommonTags: couldn't write 'year' tag to '01 Steal Something..m4a' as it's not a positive integer
TagLib: ID3v2.4 no longer supports the frame type TDAT.  It will be discarded from the tag.
writeCommonTags: couldn't write 'year' tag to '02 Candy Truck _ You Expected_ LAB Y.m4a' as it's not a positive integer
writeCommonTags: couldn't write 'year' tag to '02 The House of Wolves.m4a' as it's not a positive integer
TagLib: ID3v2.4 no longer supports the frame type TDAT.  It will be discarded from the tag.
writeCommonTags: couldn't write 'year' tag to '03 A Devastating Liberation.m4a' as it's not a positive integer
writeCommonTags: couldn't write 'year' tag to '03 Empire (Let Them Sing).m4a' as it's not a positive integer
TagLib: ID3v2.4 no longer supports the frame type TDAT.  It will be discarded from the tag.
TagLib: ID3v2.4 no longer supports the frame type TDAT.  It will be discarded from the tag.
writeCommonTags: couldn't write 'year' tag to '04 ¿ (feat. Halsey).m4a' as it's not a positive integer
writeCommonTags: couldn't write 'year' tag to '04 Sleepwalking.m4a' as it's not a positive integer
TagLib: ID3v2.4 no longer supports the frame type TDAT.  It will be discarded from the tag.
writeCommonTags: couldn't write 'year' tag to '05 Go To Hell, For Heaven's Sake.m4a' as it's not a positive integer
writeCommonTags: couldn't write 'year' tag to '05 Underground Big {HEADFULOFHYENA}.m4a' as it's not a positive integer
writeCommonTags: couldn't write 'year' tag to '06 _Like Seeing Spiders Running Riot.m4a' as it's not a positive integer
TagLib: ID3v2.4 no longer supports the frame type TDAT.  It will be discarded from the tag.
writeCommonTags: couldn't write 'year' tag to '06 Shadow Moses.m4a' as it's not a positive integer
TagLib: ID3v2.4 no longer supports the frame type TDAT.  It will be discarded from the tag.
writeCommonTags: couldn't write 'year' tag to '07 And the Snakes Start To Sing.m4a' as it's not a positive integer
writeCommonTags: couldn't write 'year' tag to '07 Dead Dolphin Sounds 'aid brain gr.m4a' as it's not a positive integer
TagLib: ID3v2.4 no longer supports the frame type TDAT.  It will be discarded from the tag.
writeCommonTags: couldn't write 'year' tag to '08 ±ªþ³§ (feat. Yonaka).m4a' as it's not a positive integer
writeCommonTags: couldn't write 'year' tag to '08 Seen It All Before.m4a' as it's not a positive integer
TagLib: ID3v2.4 no longer supports the frame type TDAT.  It will be discarded from the tag.
writeCommonTags: couldn't write 'year' tag to '09 Antivist.m4a' as it's not a positive integer
TagLib: ID3v2.4 no longer supports the frame type TDAT.  It will be discarded from the tag.
writeCommonTags: couldn't write 'year' tag to '10 Crooked Young.m4a' as it's not a positive integer
writeCommonTags: couldn't write 'year' tag to '11 Hospital For Souls.m4a' as it's not a positive integer
writeCommonTags: couldn't write 'year' tag to '12 Join the Club (Bonus Track).m4a' as it's not a positive integer
writeCommonTags: couldn't write 'year' tag to '13 Chasing Rainbows (Bonus Track).m4a' as it's not a positive integer
writeCommonTags: couldn't write 'year' tag to '14 Deathbeds (Bonus Track).m4a' as it's not a positive integer
TagLib: ID3v2.4 no longer supports the frame type TDAT.  It will be discarded from the tag.
writeCommonTags: couldn't write 'year' tag to '01 Can You Feel My Heart.m4a' as it's not a positive integer
writeCommonTags: couldn't write 'year' tag to '01 Steal Something..m4a' as it's not a positive integer
writeCommonTags: couldn't write 'year' tag to '02 Candy Truck _ You Expected_ LAB Y.m4a' as it's not a positive integer
writeCommonTags: couldn't write 'year' tag to '02 The House of Wolves.m4a' as it's not a positive integer
writeCommonTags: couldn't write 'year' tag to '03 A Devastating Liberation.m4a' as it's not a positive integer
writeCommonTags: couldn't write 'year' tag to '03 Empire (Let Them Sing).m4a' as it's not a positive integer
writeCommonTags: couldn't write 'year' tag to '04 ¿ (feat. Halsey).m4a' as it's not a positive integer
writeCommonTags: couldn't write 'year' tag to '04 Sleepwalking.m4a' as it's not a positive integer
writeCommonTags: couldn't write 'year' tag to '05 Go To Hell, For Heaven's Sake.m4a' as it's not a positive integer
writeCommonTags: couldn't write 'year' tag to '05 Underground Big {HEADFULOFHYENA}.m4a' as it's not a positive integer
writeCommonTags: couldn't write 'year' tag to '06 _Like Seeing Spiders Running Riot.m4a' as it's not a positive integer
writeCommonTags: couldn't write 'year' tag to '06 Shadow Moses.m4a' as it's not a positive integer
writeCommonTags: couldn't write 'year' tag to '07 And the Snakes Start To Sing.m4a' as it's not a positive integer
writeCommonTags: couldn't write 'year' tag to '07 Dead Dolphin Sounds 'aid brain gr.m4a' as it's not a positive integer
writeCommonTags: couldn't write 'year' tag to '08 ±ªþ³§ (feat. Yonaka).m4a' as it's not a positive integer
writeCommonTags: couldn't write 'year' tag to '08 Seen It All Before.m4a' as it's not a positive integer
writeCommonTags: couldn't write 'year' tag to '09 Antivist.m4a' as it's not a positive integer
writeCommonTags: couldn't write 'year' tag to '10 Crooked Young.m4a' as it's not a positive integer
writeCommonTags: couldn't write 'year' tag to '11 Hospital For Souls.m4a' as it's not a positive integer
writeCommonTags: couldn't write 'year' tag to '12 Join the Club (Bonus Track).m4a' as it's not a positive integer
writeCommonTags: couldn't write 'year' tag to '13 Chasing Rainbows (Bonus Track).m4a' as it's not a positive integer
writeCommonTags: couldn't write 'year' tag to '14 Deathbeds (Bonus Track).m4a' as it's not a positive integer
